log started: Tue Apr 22 11:58:47 2025

Log file: ./leap.log
>> #
>> # ----- leaprc for loading the Cornell et al. 1994 topologies
>> #       with parm99
>> #       assumes that any unspecified nucleic acids are RNA 
>> #
>> #	load atom type hybridizations
>> #
>> addAtomTypes {
>> 	{ "H"   "H" "sp3" }
>> 	{ "HO"  "H" "sp3" }
>> 	{ "HS"  "H" "sp3" }
>> 	{ "H1"  "H" "sp3" }
>> 	{ "H2"  "H" "sp3" }
>> 	{ "H3"  "H" "sp3" }
>> 	{ "H4"  "H" "sp3" }
>> 	{ "H5"  "H" "sp3" }
>> 	{ "HW"  "H" "sp3" }
>> 	{ "HC"  "H" "sp3" }
>> 	{ "HA"  "H" "sp3" }
>> 	{ "HP"  "H" "sp3" }
>> 	{ "OH"  "O" "sp3" }
>> 	{ "OS"  "O" "sp3" }
>> 	{ "O"   "O" "sp2" }
>> 	{ "O2"  "O" "sp2" }
>> 	{ "OW"  "O" "sp3" }
>> 	{ "CT"  "C" "sp3" }
>> 	{ "CH"  "C" "sp3" }
>> 	{ "C2"  "C" "sp3" }
>> 	{ "C3"  "C" "sp3" }
>> 	{ "C"   "C" "sp2" }
>> 	{ "C*"  "C" "sp2" }
>> 	{ "CA"  "C" "sp2" }
>> 	{ "CB"  "C" "sp2" }
>> 	{ "CC"  "C" "sp2" }
>> 	{ "CN"  "C" "sp2" }
>> 	{ "CM"  "C" "sp2" }
>> 	{ "CK"  "C" "sp2" }
>> 	{ "CQ"  "C" "sp2" }
>> 	{ "CD"  "C" "sp2" }
>> 	{ "CE"  "C" "sp2" }
>> 	{ "CF"  "C" "sp2" }
>> 	{ "CG"  "C" "sp2" }
>> 	{ "CP"  "C" "sp2" }
>> 	{ "CI"  "C" "sp2" }
>> 	{ "CJ"  "C" "sp2" }
>> 	{ "CW"  "C" "sp2" }
>> 	{ "CV"  "C" "sp2" }
>> 	{ "CR"  "C" "sp2" }
>> 	{ "CA"  "C" "sp2" }
>> 	{ "CY"  "C" "sp2" }
>> 	{ "C0"  "C" "sp2" }
>> 	{ "MG"  "Mg" "sp3" }
>> 	{ "N"   "N" "sp2" }
>> 	{ "NA"  "N" "sp2" }
>> 	{ "N2"  "N" "sp2" }
>> 	{ "N*"  "N" "sp2" }
>> 	{ "NP"  "N" "sp2" }
>> 	{ "NQ"  "N" "sp2" }
>> 	{ "NB"  "N" "sp2" }
>> 	{ "NC"  "N" "sp2" }
>> 	{ "NT"  "N" "sp3" }
>> 	{ "N3"  "N" "sp3" }
>> 	{ "S"   "S" "sp3" }
>> 	{ "SH"  "S" "sp3" }
>> 	{ "P"   "P" "sp3" }
>> 	{ "LP"  ""  "sp3" }
>> 	{ "F"   "F" "sp3" }
>> 	{ "CL"  "Cl" "sp3" }
>> 	{ "BR"  "Br" "sp3" }
>> 	{ "I"   "I"  "sp3" }
>> 	{ "FE"  "Fe" "sp3" }
>> # glycam
>> 	{ "OG"  "O" "sp3" }
>> 	{ "OL"  "O" "sp3" }
>> 	{ "AC"  "C" "sp3" }
>> 	{ "EC"  "C" "sp3" }
>> }
>> #
>> #
>> #	Load the main parameter set.
>> #
>> parm99 = loadamberparams parm99.dat
Loading parameters: /home/nkumarachchi2019/programs/amber22/dat/leap/parm/parm99.dat
Reading title:
PARM99 for DNA,RNA,AA, organic molecules, Polariz.& LP incl.02/04/99
(UNKNOWN ATOM TYPE: HZ)
(UNKNOWN ATOM TYPE: IM)
(UNKNOWN ATOM TYPE: Li)
(UNKNOWN ATOM TYPE: IP)
(UNKNOWN ATOM TYPE: K)
(UNKNOWN ATOM TYPE: Rb)
(UNKNOWN ATOM TYPE: Cs)
(UNKNOWN ATOM TYPE: Zn)
(UNKNOWN ATOM TYPE: IB)
(UNKNOWN ATOM TYPE: LP)
>> #
>> #	Load DNA/RNA libraries
>> #
>> loadOff all_nucleic94.lib
Loading library: /home/nkumarachchi2019/programs/amber22/dat/leap/lib/all_nucleic94.lib
Loading: DA
Loading: DA3
Loading: DA5
Loading: DAN
Loading: DC
Loading: DC3
Loading: DC5
Loading: DCN
Loading: DG
Loading: DG3
Loading: DG5
Loading: DGN
Loading: DT
Loading: DT3
Loading: DT5
Loading: DTN
Loading: RA
Loading: RA3
Loading: RA5
Loading: RAN
Loading: RC
Loading: RC3
Loading: RC5
Loading: RCN
Loading: RG
Loading: RG3
Loading: RG5
Loading: RGN
Loading: RU
Loading: RU3
Loading: RU5
Loading: RUN
>> #
>> #	Load main chain and terminating 
>> #	amino acid libraries.
>> #
>> loadOff all_amino94.lib
Loading library: /home/nkumarachchi2019/programs/amber22/dat/leap/lib/all_amino94.lib
Loading: ALA
Loading: ARG
Loading: ASH
Loading: ASN
Loading: ASP
Loading: CYM
Loading: CYS
Loading: CYX
Loading: GLH
Loading: GLN
Loading: GLU
Loading: GLY
Loading: HID
Loading: HIE
Loading: HIP
Loading: ILE
Loading: LEU
Loading: LYN
Loading: LYS
Loading: MET
Loading: PHE
Loading: PRO
Loading: SER
Loading: THR
Loading: TRP
Loading: TYR
Loading: VAL
>> loadOff all_aminoct94.lib
Loading library: /home/nkumarachchi2019/programs/amber22/dat/leap/lib/all_aminoct94.lib
Loading: CALA
Loading: CARG
Loading: CASN
Loading: CASP
Loading: CCYS
Loading: CCYX
Loading: CGLN
Loading: CGLU
Loading: CGLY
Loading: CHID
Loading: CHIE
Loading: CHIP
Loading: CILE
Loading: CLEU
Loading: CLYS
Loading: CMET
Loading: CPHE
Loading: CPRO
Loading: CSER
Loading: CTHR
Loading: CTRP
Loading: CTYR
Loading: CVAL
Loading: NHE
Loading: NME
>> loadOff all_aminont94.lib
Loading library: /home/nkumarachchi2019/programs/amber22/dat/leap/lib/all_aminont94.lib
Loading: ACE
Loading: NALA
Loading: NARG
Loading: NASN
Loading: NASP
Loading: NCYS
Loading: NCYX
Loading: NGLN
Loading: NGLU
Loading: NGLY
Loading: NHID
Loading: NHIE
Loading: NHIP
Loading: NILE
Loading: NLEU
Loading: NLYS
Loading: NMET
Loading: NPHE
Loading: NPRO
Loading: NSER
Loading: NTHR
Loading: NTRP
Loading: NTYR
Loading: NVAL
>> #
>> #	Load ion library
>> #
>> loadOff ions94.lib
Loading library: /home/nkumarachchi2019/programs/amber22/dat/leap/lib/ions94.lib
Loading: CIO
Loading: Cl-
Loading: Cs+
Loading: IB
Loading: K+
Loading: Li+
Loading: MG2
Loading: Na+
Loading: Rb+
>> loadOff solvents.lib
Loading library: /home/nkumarachchi2019/programs/amber22/dat/leap/lib/solvents.lib
Loading: CHCL3BOX
Loading: DC4
Loading: FB3
Loading: FB3BOX
Loading: FB4
Loading: FB4BOX
Loading: MEOHBOX
Loading: NMABOX
Loading: O3P
Loading: OP3
Loading: OPC
Loading: OPC3BOX
Loading: OPC3POLBOX
Loading: OPCBOX
Loading: PL3
Loading: POL3BOX
Loading: QSPCFWBOX
Loading: SPC
Loading: SPCBOX
Loading: SPCFWBOX
Loading: SPF
Loading: SPG
Loading: T4E
Loading: TIP3PBOX
Loading: TIP3PFBOX
Loading: TIP4PBOX
Loading: TIP4PEWBOX
Loading: TIP5PBOX
Loading: TP3
Loading: TP4
Loading: TP5
Loading: TPF
>> HOH = TP3
>> WAT = TP3
>> #
>> #	Define the PDB name map for the amino acids and RNA.
>> #
>> addPdbResMap {
>>   { 0 "ALA" "NALA" } { 1 "ALA" "CALA" }
>>   { 0 "ARG" "NARG" } { 1 "ARG" "CARG" }
>>   { 0 "ASN" "NASN" } { 1 "ASN" "CASN" }
>>   { 0 "ASP" "NASP" } { 1 "ASP" "CASP" }
>>   { 0 "CYS" "NCYS" } { 1 "CYS" "CCYS" }
>>   { 0 "CYX" "NCYX" } { 1 "CYX" "CCYX" }
>>   { 0 "GLN" "NGLN" } { 1 "GLN" "CGLN" }
>>   { 0 "GLU" "NGLU" } { 1 "GLU" "CGLU" }
>>   { 0 "GLY" "NGLY" } { 1 "GLY" "CGLY" }
>>   { 0 "HID" "NHID" } { 1 "HID" "CHID" }
>>   { 0 "HIE" "NHIE" } { 1 "HIE" "CHIE" }
>>   { 0 "HIP" "NHIP" } { 1 "HIP" "CHIP" }
>>   { 0 "ILE" "NILE" } { 1 "ILE" "CILE" }
>>   { 0 "LEU" "NLEU" } { 1 "LEU" "CLEU" }
>>   { 0 "LYS" "NLYS" } { 1 "LYS" "CLYS" }
>>   { 0 "MET" "NMET" } { 1 "MET" "CMET" }
>>   { 0 "PHE" "NPHE" } { 1 "PHE" "CPHE" }
>>   { 0 "PRO" "NPRO" } { 1 "PRO" "CPRO" }
>>   { 0 "SER" "NSER" } { 1 "SER" "CSER" }
>>   { 0 "THR" "NTHR" } { 1 "THR" "CTHR" }
>>   { 0 "TRP" "NTRP" } { 1 "TRP" "CTRP" }
>>   { 0 "TYR" "NTYR" } { 1 "TYR" "CTYR" }
>>   { 0 "VAL" "NVAL" } { 1 "VAL" "CVAL" }
>>   { 0 "HIS" "NHIS" } { 1 "HIS" "CHIS" }
>>   { 0 "GUA" "RG5"  } { 1 "GUA" "RG3"  } { "GUA" "RG" }
>>   { 0 "ADE" "RA5"  } { 1 "ADE" "RA3"  } { "ADE" "RA" }
>>   { 0 "CYT" "RC5"  } { 1 "CYT" "RC3"  } { "CYT" "RC" }
>>   { 0 "URA" "RU5"  } { 1 "URA" "RU3"  } { "URA" "RU" }
>>   { 0 "G" "RG5"  } { 1 "G" "RG3"  } { "G" "RG" } { "GN" "RGN" }
>>   { 0 "A" "RA5"  } { 1 "A" "RA3"  } { "A" "RA" } { "AN" "RAN" }
>>   { 0 "C" "RC5"  } { 1 "C" "RC3"  } { "C" "RC" } { "CN" "RCN" }
>>   { 0 "U" "RU5"  } { 1 "U" "RU3"  } { "U" "RU" } { "UN" "RUN" }
>>   { 0 "C5" "RC5" }
>>   { 0 "G5" "RG5" }
>>   { 0 "A5" "RA5" }
>>   { 0 "U5" "RU5" }
>>   { 1 "C3" "RC3" }
>>   { 1 "G3" "RG3" }
>>   { 1 "A3" "RA3" }
>>   { 1 "U3" "RU3" }
>> }
>> 
>> addPdbAtomMap {
>>   { "O5*" "O5'" }
>>   { "C5*" "C5'" }
>>   { "C4*" "C4'" }
>>   { "O4*" "O4'" }
>>   { "C3*" "C3'" }
>>   { "O3*" "O3'" }
>>   { "O2*" "O2'" }
>>   { "C2*" "C2'" }
>>   { "C1*" "C1'" }
>> # old ff atom names -> new
>>   { "O1'" "O4'" }
>>   { "OA"  "O1P" }
>>   { "OB"  "O2P" }
>>   { "H2'" "H2'1" }
>>   { "HO2'" "HO'2" }
>>   { "H5*1" "H5'1" }
>>   { "H5*2" "H5'2" }
>>   { "H4*" "H4'" }
>>   { "H3*" "H3'" }
>>   { "H1*" "H1'" }
>>   { "H2*1" "H2'1" }
>>   { "HO*2" "HO'2" }
>> }
>> 
>> #
>> # assumed that most often proteins use HIE
>> #
>> NHIS = NHIE
>> HIS = HIE
>> CHIS = CHIE
>> 
>> # translate RNA residue names:
>> 
>> GUA = RG
>> CYT = RC
>> ADE = RA
>> URA = RU
> 
> source leaprc.water.tip3p
----- Source: /home/nkumarachchi2019/programs/amber22/dat/leap/cmd/leaprc.water.tip3p
----- Source of /home/nkumarachchi2019/programs/amber22/dat/leap/cmd/leaprc.water.tip3p done
>> #
>> #       Load water and ions for TIP3P + Li/Merz monovalent ions 
>> #       + Joung-Chetham monovalent ions
>> #       + Li/Merz highly charged ions (+2 to +4, 12-6 normal usage set)
>> #
>> #       Note: the Li/Merz monovalent set is loaded only to get Tl+,
>> #          Cu+, Ag+ NH4+, H3O+.  Since we load Joung-Cheatham second,
>> #          the alkali halide parameters come from the Joung-Cheatham set
>> #
>> addAtomTypes {
>> 	{ "HW"  "H" "sp3" }
>> 	{ "OW"  "O" "sp3" }
>> 	{ "F-"   "F" "sp3" }
>> 	{ "Cl-"  "Cl" "sp3" }
>> 	{ "Br-"  "Br" "sp3" }
>> 	{ "I-"   "I"  "sp3" }
>> 	{ "Li+"  "Li"  "sp3" }
>> 	{ "Na+"  "Na"  "sp3" }
>> 	{ "K+"  "K"  "sp3" }
>> 	{ "Rb+"  "Rb"  "sp3" }
>> 	{ "Cs+"  "Cs"  "sp3" }
>> 	{ "Mg+"  "Mg"  "sp3" }
>>     { "Tl+"  "Tl"  "sp3" }
>>     { "Cu+"  "Cu"  "sp3" }
>>     { "Ag+"  "Ag"  "sp3" }
>>     { "NH4+"  "N"  "sp3" }
>>     { "H3O+"  "O"  "sp3" }
>>     { "Be2+" "Be"  "sp3" }
>>     { "Cu2+" "Cu"  "sp3" }
>>     { "Ni2+" "Ni"  "sp3" }
>>     { "Pt2+" "Pt"  "sp3" }
>>     { "Zn2+" "Zn"  "sp3" }
>>     { "Co2+" "Co"  "sp3" }
>>     { "Pd2+" "Pd"  "sp3" }
>>     { "Ag2+" "Ag"  "sp3" }
>>     { "Cr2+" "Cr"  "sp3" }
>>     { "Fe2+" "Fe"  "sp3" }
>>     { "Mg2+" "Mg"  "sp3" }
>>     { "V2+"  "V"   "sp3" }
>>     { "Mn2+" "Mn"  "sp3" }
>>     { "Hg2+" "Hg"  "sp3" }
>>     { "Cd2+" "Cd"  "sp3" }
>>     { "Yb2+" "Yb"  "sp3" }
>>     { "Ca2+" "Ca"  "sp3" }
>>     { "Sn2+" "Sn"  "sp3" }
>>     { "Pb2+" "Pb"  "sp3" }
>>     { "Eu2+" "Eu"  "sp3" }
>>     { "Sr2+" "Sr"  "sp3" }
>>     { "Sm2+" "Sm"  "sp3" }
>>     { "Ba2+" "Ba"  "sp3" }
>>     { "Ra2+" "Ra"  "sp3" }
>>     { "Al3+" "Al"  "sp3" }
>>     { "Fe3+" "Fe"  "sp3" }
>>     { "Cr3+" "Cr"  "sp3" }
>>     { "In3+" "In"  "sp3" }
>>     { "Tl3+" "Tl"  "sp3" }
>>     { "Y3+"  "Y"   "sp3" }
>>     { "La3+" "La"  "sp3" }
>>     { "Ce3+" "Ce"  "sp3" }
>>     { "Pr3+" "Pr"  "sp3" }
>>     { "Nd3+" "Nd"  "sp3" }
>>     { "Sm3+" "Sm"  "sp3" }
>>     { "Eu3+" "Eu"  "sp3" }
>>     { "Gd3+" "Gd"  "sp3" }
>>     { "Tb3+" "Tb"  "sp3" }
>>     { "Dy3+" "Dy"  "sp3" }
>>     { "Er3+" "Er"  "sp3" }
>>     { "Tm3+" "Tm"  "sp3" }
>>     { "Lu3+" "Lu"  "sp3" }
>>     { "Hf4+" "Hf"  "sp3" }
>>     { "Zr4+" "Zr"  "sp3" }
>>     { "Ce4+" "Ce"  "sp3" }
>>     { "U4+"  "U"   "sp3" }
>>     { "Pu4+" "Pu"  "sp3" }
>>     { "Th4+" "Th"  "sp3" }
>> }
>> loadOff atomic_ions.lib
Loading library: /home/nkumarachchi2019/programs/amber22/dat/leap/lib/atomic_ions.lib
Loading: AG
Loading: AL
Loading: Ag
Loading: BA
Loading: BR
Loading: Be
Loading: CA
Loading: CD
Loading: CE
Loading: CL
Loading: CO
Loading: CR
Loading: CS
Loading: CU
Loading: CU1
Loading: Ce
Loading: Cl-
Loading: Cr
Loading: Dy
Loading: EU
Loading: EU3
Loading: Er
Loading: F
Loading: FE
Loading: FE2
Loading: GD3
Loading: H3O+
Loading: HE+
Loading: HG
Loading: HZ+
Loading: Hf
Loading: IN
Loading: IOD
Loading: K
Loading: K+
Loading: LA
Loading: LI
Loading: LU
Loading: MG
Loading: MN
Loading: NA
Loading: NH4
Loading: NI
Loading: Na+
Loading: Nd
Loading: PB
Loading: PD
Loading: PR
Loading: PT
Loading: Pu
Loading: RB
Loading: Ra
Loading: SM
Loading: SR
Loading: Sm
Loading: Sn
Loading: TB
Loading: TL
Loading: Th
Loading: Tl
Loading: Tm
Loading: U4+
Loading: V2+
Loading: Y
Loading: YB2
Loading: ZN
Loading: Zr
>> loadOff solvents.lib
Loading library: /home/nkumarachchi2019/programs/amber22/dat/leap/lib/solvents.lib
Loading: CHCL3BOX
Loading: DC4
Loading: FB3
Loading: FB3BOX
Loading: FB4
Loading: FB4BOX
Loading: MEOHBOX
Loading: NMABOX
Loading: O3P
Loading: OP3
Loading: OPC
Loading: OPC3BOX
Loading: OPC3POLBOX
Loading: OPCBOX
Loading: PL3
Loading: POL3BOX
Loading: QSPCFWBOX
Loading: SPC
Loading: SPCBOX
Loading: SPCFWBOX
Loading: SPF
Loading: SPG
Loading: T4E
Loading: TIP3PBOX
Loading: TIP3PFBOX
Loading: TIP4PBOX
Loading: TIP4PEWBOX
Loading: TIP5PBOX
Loading: TP3
Loading: TP4
Loading: TP5
Loading: TPF
>> HOH = TP3
>> WAT = TP3
>> loadAmberParams frcmod.tip3p
Loading parameters: /home/nkumarachchi2019/programs/amber22/dat/leap/parm/frcmod.tip3p
Reading force field modification type file (frcmod)
Reading title:
This is the additional/replacement parameter set for TIP3P water
>> loadAmberParams frcmod.ions1lm_126_tip3p
Loading parameters: /home/nkumarachchi2019/programs/amber22/dat/leap/parm/frcmod.ions1lm_126_tip3p
Reading force field modification type file (frcmod)
Reading title:
Li/Merz ion parameters of monovalent ions for TIP3P water model (12-6 normal usage set)
>> loadAmberParams frcmod.ionsjc_tip3p
Loading parameters: /home/nkumarachchi2019/programs/amber22/dat/leap/parm/frcmod.ionsjc_tip3p
Reading force field modification type file (frcmod)
Reading title:
Monovalent ion parameters for Ewald and TIP3P water from Joung & Cheatham JPCB (2008)
>> loadAmberParams frcmod.ions234lm_126_tip3p
Loading parameters: /home/nkumarachchi2019/programs/amber22/dat/leap/parm/frcmod.ions234lm_126_tip3p
Reading force field modification type file (frcmod)
Reading title:
Li/Merz ion parameters of divalent to tetravalent ions for TIP3P water model (12-6 normal usage set)
>> 
> 
> #source leaprc.water.opc3
> addAtomTypes {
>   { "5A" "C" "sp3" }
>   { "5G" "C" "sp3" }
>   { "5Q" "C" "sp3" }
>   { "5U" "C" "sp3" }
>   { "AA" "C" "sp3" }
>   { "AC" "C" "sp3" }
>   { "AG" "C" "sp3" }
>   { "AU" "C" "sp3" }
>   { "GA" "C" "sp3" }
>   { "GC" "C" "sp3" }
>   { "GG" "C" "sp3" }
>   { "GU" "C" "sp3" }
>   { "QA" "C" "sp3" }
>   { "QC" "C" "sp3" }
>   { "QG" "C" "sp3" }
>   { "QU" "C" "sp3" }
>   { "UA" "C" "sp3" }
>   { "UC" "C" "sp3" }
>   { "UG" "C" "sp3" }
>   { "UU" "C" "sp3" }
>   { "A3" "O" "sp3" }
>   { "aa" "O" "sp3" }
>   { "ac" "O" "sp3" }
>   { "ag" "O" "sp3" }
>   { "au" "O" "sp3" }
>   { "G3" "O" "sp3" }
>   { "ga" "O" "sp3" }
>   { "gc" "O" "sp3" }
>   { "gg" "O" "sp3" }
>   { "gu" "O" "sp3" }
>   { "Q3" "O" "sp3" }
>   { "qa" "O" "sp3" }
>   { "qc" "O" "sp3" }
>   { "qg" "O" "sp3" }
>   { "qu" "O" "sp3" }
>   { "U3" "O" "sp3" }
>   { "ua" "O" "sp3" }
>   { "uc" "O" "sp3" }
>   { "ug" "O" "sp3" }
>   { "uu" "O" "sp3" }
>   { "C1"  "C" "sp2" }
>   { "C2"  "C" "sp2" }
>   { "C3"  "C" "sp2" }
>   { "C4"  "C" "sp2" }
> }
> addPdbAtomMap {
>   { "H5'" "H5'1" } { "H5''" "H5'2" }
>   { "OP1" "O1P" }  { "OP2" "O2P" }
>   { "H2'" "H2'1" } { "HO2'" "HO'2" }
>   { "HO5'" "H5T" } { "HO3'" "H3T" }
> }
Substituting map H2' -> H2'1  for  H2' -> H2'1
Substituting map HO2' -> HO'2  for  HO2' -> HO'2
> 
> set default pbradii mbondi3
Using ArgH and AspGluO modified Bondi2 radii
> 
> loadoff		/media/nkumarachchi2019/EXT1_MALATYA/prep_1D_combine_analyze_prep_systems_for_sims/simulations_prep_files/OPCnTIP3_and_Beta_curve_testing/scripts_simulation_related/lib_dev_1D_comb/RNA_dimeric_residues_dev.lib 
Loading library: /media/nkumarachchi2019/EXT1_MALATYA/prep_1D_combine_analyze_prep_systems_for_sims/simulations_prep_files/OPCnTIP3_and_Beta_curve_testing/scripts_simulation_related/lib_dev_1D_comb/RNA_dimeric_residues_dev.lib
Loading: 5AA
Loading: 5AC
Loading: 5AG
Loading: 5AU
Loading: 5CA
Loading: 5CC
Loading: 5CG
Loading: 5CU
Loading: 5GA
Loading: 5GC
Loading: 5GG
Loading: 5GU
Loading: 5UA
Loading: 5UC
Loading: 5UG
Loading: 5UU
Loading: AA3
Loading: AAA
Loading: AAC
Loading: AAG
Loading: AAU
Loading: AC3
Loading: ACA
Loading: ACC
Loading: ACG
Loading: ACU
Loading: AG3
Loading: AGA
Loading: AGC
Loading: AGG
Loading: AGU
Loading: AU3
Loading: AUA
Loading: AUC
Loading: AUG
Loading: AUU
Loading: CA3
Loading: CAA
Loading: CAC
Loading: CAG
Loading: CAU
Loading: CC3
Loading: CCA
Loading: CCC
Loading: CCG
Loading: CCU
Loading: CG3
Loading: CGA
Loading: CGC
Loading: CGG
Loading: CGU
Loading: CU3
Loading: CUA
Loading: CUC
Loading: CUG
Loading: CUU
Loading: GA3
Loading: GAA
Loading: GAC
Loading: GAG
Loading: GAU
Loading: GC3
Loading: GCA
Loading: GCC
Loading: GCG
Loading: GCU
Loading: GG3
Loading: GGA
Loading: GGC
Loading: GGG
Loading: GGU
Loading: GU3
Loading: GUA
Loading: GUC
Loading: GUG
Loading: GUU
Loading: UA3
Loading: UAA
Loading: UAC
Loading: UAG
Loading: UAU
Loading: UC3
Loading: UCA
Loading: UCC
Loading: UCG
Loading: UCU
Loading: UG3
Loading: UGA
Loading: UGC
Loading: UGG
Loading: UGU
Loading: UU3
Loading: UUA
Loading: UUC
Loading: UUG
Loading: UUU
> loadamberparams /media/nkumarachchi2019/EXT1_MALATYA/prep_1D_combine_analyze_prep_systems_for_sims/simulations_prep_files/OPCnTIP3_and_Beta_curve_testing/scripts_simulation_related/lib_dev_1D_comb/frcmod_dev 
Loading parameters: /media/nkumarachchi2019/EXT1_MALATYA/prep_1D_combine_analyze_prep_systems_for_sims/simulations_prep_files/OPCnTIP3_and_Beta_curve_testing/scripts_simulation_related/lib_dev_1D_comb/frcmod_dev
Reading force field modification type file (frcmod)
Reading title:
Yildirim, Stern, Turner: Modified chi dihedral parameters of parm99 (JCTC 6, pp 1520-1531, 2010)
> loadamberparams /media/nkumarachchi2019/EXT1_MALATYA/prep_1D_combine_analyze_prep_systems_for_sims/simulations_prep_files/OPCnTIP3_and_Beta_curve_testing/scripts_simulation_related/lib_dev_1D_comb/frcmod_Betacomb4  
Loading parameters: /media/nkumarachchi2019/EXT1_MALATYA/prep_1D_combine_analyze_prep_systems_for_sims/simulations_prep_files/OPCnTIP3_and_Beta_curve_testing/scripts_simulation_related/lib_dev_1D_comb/frcmod_Betacomb4
Reading force field modification type file (frcmod)
Reading title:
newmodel_beta_comb4
> loadamberparams /media/nkumarachchi2019/EXT1_MALATYA/prep_1D_combine_analyze_prep_systems_for_sims/simulations_prep_files/OPCnTIP3_and_Beta_curve_testing/scripts_simulation_related/lib_dev_1D_comb/frcmod_alfa_1Dcomb 
Loading parameters: /media/nkumarachchi2019/EXT1_MALATYA/prep_1D_combine_analyze_prep_systems_for_sims/simulations_prep_files/OPCnTIP3_and_Beta_curve_testing/scripts_simulation_related/lib_dev_1D_comb/frcmod_alfa_1Dcomb
Reading force field modification type file (frcmod)
Reading title:
alfa_frcmod
> loadamberparams /media/nkumarachchi2019/EXT1_MALATYA/prep_1D_combine_analyze_prep_systems_for_sims/simulations_prep_files/OPCnTIP3_and_Beta_curve_testing/scripts_simulation_related/lib_dev_1D_comb/frcmod_gamma_1Dcomb  
Loading parameters: /media/nkumarachchi2019/EXT1_MALATYA/prep_1D_combine_analyze_prep_systems_for_sims/simulations_prep_files/OPCnTIP3_and_Beta_curve_testing/scripts_simulation_related/lib_dev_1D_comb/frcmod_gamma_1Dcomb
Reading force field modification type file (frcmod)
Reading title:
gamma_frcmod
> loadamberparams /media/nkumarachchi2019/EXT1_MALATYA/prep_1D_combine_analyze_prep_systems_for_sims/simulations_prep_files/OPCnTIP3_and_Beta_curve_testing/scripts_simulation_related/lib_dev_1D_comb/frcmod_epsi_1Dcomb  
Loading parameters: /media/nkumarachchi2019/EXT1_MALATYA/prep_1D_combine_analyze_prep_systems_for_sims/simulations_prep_files/OPCnTIP3_and_Beta_curve_testing/scripts_simulation_related/lib_dev_1D_comb/frcmod_epsi_1Dcomb
Reading force field modification type file (frcmod)
Reading title:
epsi_frcmod
> loadamberparams /media/nkumarachchi2019/EXT1_MALATYA/prep_1D_combine_analyze_prep_systems_for_sims/simulations_prep_files/OPCnTIP3_and_Beta_curve_testing/scripts_simulation_related/lib_dev_1D_comb/frcmod_zeta_1Dcomb  
Loading parameters: /media/nkumarachchi2019/EXT1_MALATYA/prep_1D_combine_analyze_prep_systems_for_sims/simulations_prep_files/OPCnTIP3_and_Beta_curve_testing/scripts_simulation_related/lib_dev_1D_comb/frcmod_zeta_1Dcomb
Reading force field modification type file (frcmod)
Reading title:
zeta_frcmod
> 
> # # loadamberparams /media/nkumarachchi2019/EXT1_MALATYA/ivan_Nir_PDBS_haipins/lib_dev_1D_comb/frcmod_beta_1Dcomb 
> 
> model = loadpdb ./cug9.new.pdb     
Loading PDB file: ./cug9.new.pdb
Matching PDB residue names to LEaP variables.
  total atoms in file: 854
> 
> #model = loadpdb ./resname.new.pdb     
> 
> addions model Na+ 0
26 Na+ ions required to neutralize.
Adding 26 counter ions to "model" using 1A grid
Total solute charge:  -26.00  Max atom radius:   2.10
Grid extends from solute vdw + 4.11  to  10.21
Box:
   enclosing:  -20.91 -20.71 -10.14   20.68 20.90 89.13
   sized:			      107.09 107.29 117.86
   edge:        128.00
Resolution:      1.00 Angstrom.
Tree depth: 7
Volume =  2.44% of box, grid points 51138
 (no solvent present)
Calculating grid charges
Placed Na+ in model at (-1.91, -2.71, 35.86).
Placed Na+ in model at (1.09, 3.29, 52.86).
Placed Na+ in model at (1.09, 3.29, 21.86).
Placed Na+ in model at (-1.91, -2.71, 66.86).
Placed Na+ in model at (3.09, -0.71, 45.86).
Placed Na+ in model at (3.09, -0.71, 14.86).
Placed Na+ in model at (-3.91, 3.29, 28.86).
Placed Na+ in model at (-4.91, 4.29, 59.86).
Placed Na+ in model at (3.09, -4.71, 73.86).
Placed Na+ in model at (3.09, -8.71, 41.86).
Placed Na+ in model at (6.09, 1.29, 79.86).
Placed Na+ in model at (12.09, 0.29, 15.86).
Placed Na+ in model at (12.09, 0.29, 46.86).
Placed Na+ in model at (8.09, 1.29, 52.86).
Placed Na+ in model at (-1.91, 12.29, 23.86).
Placed Na+ in model at (-10.91, -2.71, 63.86).
Placed Na+ in model at (-12.91, -5.71, 30.86).
Placed Na+ in model at (-1.91, 12.29, 54.86).
Placed Na+ in model at (2.09, 8.29, 28.86).
Placed Na+ in model at (-0.91, -13.71, 67.86).
Placed Na+ in model at (0.09, -3.71, 8.86).
Placed Na+ in model at (13.09, -5.71, 72.86).
Placed Na+ in model at (-0.91, -13.71, 36.86).
Placed Na+ in model at (9.09, 12.29, 14.86).
Placed Na+ in model at (11.09, 8.29, 78.86).
Placed Na+ in model at (-12.91, 3.29, 28.86).

Done adding ions.
> 
> solvateoct model TIP3PBOX 12.0
Scaling up box by a factor of 1.152897 to meet diagonal cut criterion
  Solute vdw bounding box:              30.361 26.807 82.737
  Total bounding box for atom centers:  110.407 110.407 110.407
      (box expansion for 'iso' is 285.6%)
  Solvent unit box:                     18.774 18.774 18.774
The number of boxes:  x= 6  y= 6  z= 6
  Volume: 691360.191 A^3 (oct)
  Total mass 381239.180 amu,  Density 0.916 g/cc
  Added 20655 residues.
> 
> #solvateoct model OPC3BOX 12.0
> 
> saveAmberParm model prmtop inpcrd
Checking Unit.
Building topology.
Building atom parameters.
Building bond parameters.
Building angle parameters.
Building proper torsion parameters.
Building improper torsion parameters.
 ** Warning: No sp2 improper torsion term for  N*-CB-CB-NC
        atoms are: N9 C5 C4 N3
 ** Warning: No sp2 improper torsion term for  NB-C-CB-CB
        atoms are: N7 C6 C5 C4
 ** Warning: No sp2 improper torsion term for  N*-CB-CB-NC
        atoms are: N9 C5 C4 N3
 ** Warning: No sp2 improper torsion term for  NB-C-CB-CB
        atoms are: N7 C6 C5 C4
 ** Warning: No sp2 improper torsion term for  N*-CB-CB-NC
        atoms are: N9 C5 C4 N3
 ** Warning: No sp2 improper torsion term for  NB-C-CB-CB
        atoms are: N7 C6 C5 C4
 ** Warning: No sp2 improper torsion term for  N*-CB-CB-NC
        atoms are: N9 C5 C4 N3
 ** Warning: No sp2 improper torsion term for  NB-C-CB-CB
        atoms are: N7 C6 C5 C4
 ** Warning: No sp2 improper torsion term for  N*-CB-CB-NC
        atoms are: N9 C5 C4 N3
 ** Warning: No sp2 improper torsion term for  NB-C-CB-CB
        atoms are: N7 C6 C5 C4
 ** Warning: No sp2 improper torsion term for  N*-CB-CB-NC
        atoms are: N9 C5 C4 N3
 ** Warning: No sp2 improper torsion term for  NB-C-CB-CB
        atoms are: N7 C6 C5 C4
 ** Warning: No sp2 improper torsion term for  N*-CB-CB-NC
        atoms are: N9 C5 C4 N3
 ** Warning: No sp2 improper torsion term for  NB-C-CB-CB
        atoms are: N7 C6 C5 C4
 ** Warning: No sp2 improper torsion term for  N*-CB-CB-NC
        atoms are: N9 C5 C4 N3
 ** Warning: No sp2 improper torsion term for  NB-C-CB-CB
        atoms are: N7 C6 C5 C4
 ** Warning: No sp2 improper torsion term for  N*-CB-CB-NC
        atoms are: N9 C5 C4 N3
 ** Warning: No sp2 improper torsion term for  NB-C-CB-CB
        atoms are: N7 C6 C5 C4
 total 162 improper torsions applied
Building H-Bond parameters.
Incorporating Non-Bonded adjustments.
Not Marking per-residue atom chain types.
Marking per-residue atom chain types.
  (Residues lacking connect0/connect1 - 
   these don't have chain types marked:

	res	total affected

	WAT	20655
  )
 (no restraints)
> 
> quit
	Quit

Exiting LEaP: Errors = 0; Warnings = 0; Notes = 0.
log started: Tue Apr 22 12:53:18 2025

Log file: ./leap.log
>> #
>> # ----- leaprc for loading the Cornell et al. 1994 topologies
>> #       with parm99
>> #       assumes that any unspecified nucleic acids are RNA 
>> #
>> #	load atom type hybridizations
>> #
>> addAtomTypes {
>> 	{ "H"   "H" "sp3" }
>> 	{ "HO"  "H" "sp3" }
>> 	{ "HS"  "H" "sp3" }
>> 	{ "H1"  "H" "sp3" }
>> 	{ "H2"  "H" "sp3" }
>> 	{ "H3"  "H" "sp3" }
>> 	{ "H4"  "H" "sp3" }
>> 	{ "H5"  "H" "sp3" }
>> 	{ "HW"  "H" "sp3" }
>> 	{ "HC"  "H" "sp3" }
>> 	{ "HA"  "H" "sp3" }
>> 	{ "HP"  "H" "sp3" }
>> 	{ "OH"  "O" "sp3" }
>> 	{ "OS"  "O" "sp3" }
>> 	{ "O"   "O" "sp2" }
>> 	{ "O2"  "O" "sp2" }
>> 	{ "OW"  "O" "sp3" }
>> 	{ "CT"  "C" "sp3" }
>> 	{ "CH"  "C" "sp3" }
>> 	{ "C2"  "C" "sp3" }
>> 	{ "C3"  "C" "sp3" }
>> 	{ "C"   "C" "sp2" }
>> 	{ "C*"  "C" "sp2" }
>> 	{ "CA"  "C" "sp2" }
>> 	{ "CB"  "C" "sp2" }
>> 	{ "CC"  "C" "sp2" }
>> 	{ "CN"  "C" "sp2" }
>> 	{ "CM"  "C" "sp2" }
>> 	{ "CK"  "C" "sp2" }
>> 	{ "CQ"  "C" "sp2" }
>> 	{ "CD"  "C" "sp2" }
>> 	{ "CE"  "C" "sp2" }
>> 	{ "CF"  "C" "sp2" }
>> 	{ "CG"  "C" "sp2" }
>> 	{ "CP"  "C" "sp2" }
>> 	{ "CI"  "C" "sp2" }
>> 	{ "CJ"  "C" "sp2" }
>> 	{ "CW"  "C" "sp2" }
>> 	{ "CV"  "C" "sp2" }
>> 	{ "CR"  "C" "sp2" }
>> 	{ "CA"  "C" "sp2" }
>> 	{ "CY"  "C" "sp2" }
>> 	{ "C0"  "C" "sp2" }
>> 	{ "MG"  "Mg" "sp3" }
>> 	{ "N"   "N" "sp2" }
>> 	{ "NA"  "N" "sp2" }
>> 	{ "N2"  "N" "sp2" }
>> 	{ "N*"  "N" "sp2" }
>> 	{ "NP"  "N" "sp2" }
>> 	{ "NQ"  "N" "sp2" }
>> 	{ "NB"  "N" "sp2" }
>> 	{ "NC"  "N" "sp2" }
>> 	{ "NT"  "N" "sp3" }
>> 	{ "N3"  "N" "sp3" }
>> 	{ "S"   "S" "sp3" }
>> 	{ "SH"  "S" "sp3" }
>> 	{ "P"   "P" "sp3" }
>> 	{ "LP"  ""  "sp3" }
>> 	{ "F"   "F" "sp3" }
>> 	{ "CL"  "Cl" "sp3" }
>> 	{ "BR"  "Br" "sp3" }
>> 	{ "I"   "I"  "sp3" }
>> 	{ "FE"  "Fe" "sp3" }
>> # glycam
>> 	{ "OG"  "O" "sp3" }
>> 	{ "OL"  "O" "sp3" }
>> 	{ "AC"  "C" "sp3" }
>> 	{ "EC"  "C" "sp3" }
>> }
>> #
>> #
>> #	Load the main parameter set.
>> #
>> parm99 = loadamberparams parm99.dat
Loading parameters: /home/nkumarachchi2019/programs/amber22/dat/leap/parm/parm99.dat
Reading title:
PARM99 for DNA,RNA,AA, organic molecules, Polariz.& LP incl.02/04/99
(UNKNOWN ATOM TYPE: HZ)
(UNKNOWN ATOM TYPE: IM)
(UNKNOWN ATOM TYPE: Li)
(UNKNOWN ATOM TYPE: IP)
(UNKNOWN ATOM TYPE: K)
(UNKNOWN ATOM TYPE: Rb)
(UNKNOWN ATOM TYPE: Cs)
(UNKNOWN ATOM TYPE: Zn)
(UNKNOWN ATOM TYPE: IB)
(UNKNOWN ATOM TYPE: LP)
>> #
>> #	Load DNA/RNA libraries
>> #
>> loadOff all_nucleic94.lib
Loading library: /home/nkumarachchi2019/programs/amber22/dat/leap/lib/all_nucleic94.lib
Loading: DA
Loading: DA3
Loading: DA5
Loading: DAN
Loading: DC
Loading: DC3
Loading: DC5
Loading: DCN
Loading: DG
Loading: DG3
Loading: DG5
Loading: DGN
Loading: DT
Loading: DT3
Loading: DT5
Loading: DTN
Loading: RA
Loading: RA3
Loading: RA5
Loading: RAN
Loading: RC
Loading: RC3
Loading: RC5
Loading: RCN
Loading: RG
Loading: RG3
Loading: RG5
Loading: RGN
Loading: RU
Loading: RU3
Loading: RU5
Loading: RUN
>> #
>> #	Load main chain and terminating 
>> #	amino acid libraries.
>> #
>> loadOff all_amino94.lib
Loading library: /home/nkumarachchi2019/programs/amber22/dat/leap/lib/all_amino94.lib
Loading: ALA
Loading: ARG
Loading: ASH
Loading: ASN
Loading: ASP
Loading: CYM
Loading: CYS
Loading: CYX
Loading: GLH
Loading: GLN
Loading: GLU
Loading: GLY
Loading: HID
Loading: HIE
Loading: HIP
Loading: ILE
Loading: LEU
Loading: LYN
Loading: LYS
Loading: MET
Loading: PHE
Loading: PRO
Loading: SER
Loading: THR
Loading: TRP
Loading: TYR
Loading: VAL
>> loadOff all_aminoct94.lib
Loading library: /home/nkumarachchi2019/programs/amber22/dat/leap/lib/all_aminoct94.lib
Loading: CALA
Loading: CARG
Loading: CASN
Loading: CASP
Loading: CCYS
Loading: CCYX
Loading: CGLN
Loading: CGLU
Loading: CGLY
Loading: CHID
Loading: CHIE
Loading: CHIP
Loading: CILE
Loading: CLEU
Loading: CLYS
Loading: CMET
Loading: CPHE
Loading: CPRO
Loading: CSER
Loading: CTHR
Loading: CTRP
Loading: CTYR
Loading: CVAL
Loading: NHE
Loading: NME
>> loadOff all_aminont94.lib
Loading library: /home/nkumarachchi2019/programs/amber22/dat/leap/lib/all_aminont94.lib
Loading: ACE
Loading: NALA
Loading: NARG
Loading: NASN
Loading: NASP
Loading: NCYS
Loading: NCYX
Loading: NGLN
Loading: NGLU
Loading: NGLY
Loading: NHID
Loading: NHIE
Loading: NHIP
Loading: NILE
Loading: NLEU
Loading: NLYS
Loading: NMET
Loading: NPHE
Loading: NPRO
Loading: NSER
Loading: NTHR
Loading: NTRP
Loading: NTYR
Loading: NVAL
>> #
>> #	Load ion library
>> #
>> loadOff ions94.lib
Loading library: /home/nkumarachchi2019/programs/amber22/dat/leap/lib/ions94.lib
Loading: CIO
Loading: Cl-
Loading: Cs+
Loading: IB
Loading: K+
Loading: Li+
Loading: MG2
Loading: Na+
Loading: Rb+
>> loadOff solvents.lib
Loading library: /home/nkumarachchi2019/programs/amber22/dat/leap/lib/solvents.lib
Loading: CHCL3BOX
Loading: DC4
Loading: FB3
Loading: FB3BOX
Loading: FB4
Loading: FB4BOX
Loading: MEOHBOX
Loading: NMABOX
Loading: O3P
Loading: OP3
Loading: OPC
Loading: OPC3BOX
Loading: OPC3POLBOX
Loading: OPCBOX
Loading: PL3
Loading: POL3BOX
Loading: QSPCFWBOX
Loading: SPC
Loading: SPCBOX
Loading: SPCFWBOX
Loading: SPF
Loading: SPG
Loading: T4E
Loading: TIP3PBOX
Loading: TIP3PFBOX
Loading: TIP4PBOX
Loading: TIP4PEWBOX
Loading: TIP5PBOX
Loading: TP3
Loading: TP4
Loading: TP5
Loading: TPF
>> HOH = TP3
>> WAT = TP3
>> #
>> #	Define the PDB name map for the amino acids and RNA.
>> #
>> addPdbResMap {
>>   { 0 "ALA" "NALA" } { 1 "ALA" "CALA" }
>>   { 0 "ARG" "NARG" } { 1 "ARG" "CARG" }
>>   { 0 "ASN" "NASN" } { 1 "ASN" "CASN" }
>>   { 0 "ASP" "NASP" } { 1 "ASP" "CASP" }
>>   { 0 "CYS" "NCYS" } { 1 "CYS" "CCYS" }
>>   { 0 "CYX" "NCYX" } { 1 "CYX" "CCYX" }
>>   { 0 "GLN" "NGLN" } { 1 "GLN" "CGLN" }
>>   { 0 "GLU" "NGLU" } { 1 "GLU" "CGLU" }
>>   { 0 "GLY" "NGLY" } { 1 "GLY" "CGLY" }
>>   { 0 "HID" "NHID" } { 1 "HID" "CHID" }
>>   { 0 "HIE" "NHIE" } { 1 "HIE" "CHIE" }
>>   { 0 "HIP" "NHIP" } { 1 "HIP" "CHIP" }
>>   { 0 "ILE" "NILE" } { 1 "ILE" "CILE" }
>>   { 0 "LEU" "NLEU" } { 1 "LEU" "CLEU" }
>>   { 0 "LYS" "NLYS" } { 1 "LYS" "CLYS" }
>>   { 0 "MET" "NMET" } { 1 "MET" "CMET" }
>>   { 0 "PHE" "NPHE" } { 1 "PHE" "CPHE" }
>>   { 0 "PRO" "NPRO" } { 1 "PRO" "CPRO" }
>>   { 0 "SER" "NSER" } { 1 "SER" "CSER" }
>>   { 0 "THR" "NTHR" } { 1 "THR" "CTHR" }
>>   { 0 "TRP" "NTRP" } { 1 "TRP" "CTRP" }
>>   { 0 "TYR" "NTYR" } { 1 "TYR" "CTYR" }
>>   { 0 "VAL" "NVAL" } { 1 "VAL" "CVAL" }
>>   { 0 "HIS" "NHIS" } { 1 "HIS" "CHIS" }
>>   { 0 "GUA" "RG5"  } { 1 "GUA" "RG3"  } { "GUA" "RG" }
>>   { 0 "ADE" "RA5"  } { 1 "ADE" "RA3"  } { "ADE" "RA" }
>>   { 0 "CYT" "RC5"  } { 1 "CYT" "RC3"  } { "CYT" "RC" }
>>   { 0 "URA" "RU5"  } { 1 "URA" "RU3"  } { "URA" "RU" }
>>   { 0 "G" "RG5"  } { 1 "G" "RG3"  } { "G" "RG" } { "GN" "RGN" }
>>   { 0 "A" "RA5"  } { 1 "A" "RA3"  } { "A" "RA" } { "AN" "RAN" }
>>   { 0 "C" "RC5"  } { 1 "C" "RC3"  } { "C" "RC" } { "CN" "RCN" }
>>   { 0 "U" "RU5"  } { 1 "U" "RU3"  } { "U" "RU" } { "UN" "RUN" }
>>   { 0 "C5" "RC5" }
>>   { 0 "G5" "RG5" }
>>   { 0 "A5" "RA5" }
>>   { 0 "U5" "RU5" }
>>   { 1 "C3" "RC3" }
>>   { 1 "G3" "RG3" }
>>   { 1 "A3" "RA3" }
>>   { 1 "U3" "RU3" }
>> }
>> 
>> addPdbAtomMap {
>>   { "O5*" "O5'" }
>>   { "C5*" "C5'" }
>>   { "C4*" "C4'" }
>>   { "O4*" "O4'" }
>>   { "C3*" "C3'" }
>>   { "O3*" "O3'" }
>>   { "O2*" "O2'" }
>>   { "C2*" "C2'" }
>>   { "C1*" "C1'" }
>> # old ff atom names -> new
>>   { "O1'" "O4'" }
>>   { "OA"  "O1P" }
>>   { "OB"  "O2P" }
>>   { "H2'" "H2'1" }
>>   { "HO2'" "HO'2" }
>>   { "H5*1" "H5'1" }
>>   { "H5*2" "H5'2" }
>>   { "H4*" "H4'" }
>>   { "H3*" "H3'" }
>>   { "H1*" "H1'" }
>>   { "H2*1" "H2'1" }
>>   { "HO*2" "HO'2" }
>> }
>> 
>> #
>> # assumed that most often proteins use HIE
>> #
>> NHIS = NHIE
>> HIS = HIE
>> CHIS = CHIE
>> 
>> # translate RNA residue names:
>> 
>> GUA = RG
>> CYT = RC
>> ADE = RA
>> URA = RU
> 
> source leaprc.water.tip3p
----- Source: /home/nkumarachchi2019/programs/amber22/dat/leap/cmd/leaprc.water.tip3p
----- Source of /home/nkumarachchi2019/programs/amber22/dat/leap/cmd/leaprc.water.tip3p done
>> #
>> #       Load water and ions for TIP3P + Li/Merz monovalent ions 
>> #       + Joung-Chetham monovalent ions
>> #       + Li/Merz highly charged ions (+2 to +4, 12-6 normal usage set)
>> #
>> #       Note: the Li/Merz monovalent set is loaded only to get Tl+,
>> #          Cu+, Ag+ NH4+, H3O+.  Since we load Joung-Cheatham second,
>> #          the alkali halide parameters come from the Joung-Cheatham set
>> #
>> addAtomTypes {
>> 	{ "HW"  "H" "sp3" }
>> 	{ "OW"  "O" "sp3" }
>> 	{ "F-"   "F" "sp3" }
>> 	{ "Cl-"  "Cl" "sp3" }
>> 	{ "Br-"  "Br" "sp3" }
>> 	{ "I-"   "I"  "sp3" }
>> 	{ "Li+"  "Li"  "sp3" }
>> 	{ "Na+"  "Na"  "sp3" }
>> 	{ "K+"  "K"  "sp3" }
>> 	{ "Rb+"  "Rb"  "sp3" }
>> 	{ "Cs+"  "Cs"  "sp3" }
>> 	{ "Mg+"  "Mg"  "sp3" }
>>     { "Tl+"  "Tl"  "sp3" }
>>     { "Cu+"  "Cu"  "sp3" }
>>     { "Ag+"  "Ag"  "sp3" }
>>     { "NH4+"  "N"  "sp3" }
>>     { "H3O+"  "O"  "sp3" }
>>     { "Be2+" "Be"  "sp3" }
>>     { "Cu2+" "Cu"  "sp3" }
>>     { "Ni2+" "Ni"  "sp3" }
>>     { "Pt2+" "Pt"  "sp3" }
>>     { "Zn2+" "Zn"  "sp3" }
>>     { "Co2+" "Co"  "sp3" }
>>     { "Pd2+" "Pd"  "sp3" }
>>     { "Ag2+" "Ag"  "sp3" }
>>     { "Cr2+" "Cr"  "sp3" }
>>     { "Fe2+" "Fe"  "sp3" }
>>     { "Mg2+" "Mg"  "sp3" }
>>     { "V2+"  "V"   "sp3" }
>>     { "Mn2+" "Mn"  "sp3" }
>>     { "Hg2+" "Hg"  "sp3" }
>>     { "Cd2+" "Cd"  "sp3" }
>>     { "Yb2+" "Yb"  "sp3" }
>>     { "Ca2+" "Ca"  "sp3" }
>>     { "Sn2+" "Sn"  "sp3" }
>>     { "Pb2+" "Pb"  "sp3" }
>>     { "Eu2+" "Eu"  "sp3" }
>>     { "Sr2+" "Sr"  "sp3" }
>>     { "Sm2+" "Sm"  "sp3" }
>>     { "Ba2+" "Ba"  "sp3" }
>>     { "Ra2+" "Ra"  "sp3" }
>>     { "Al3+" "Al"  "sp3" }
>>     { "Fe3+" "Fe"  "sp3" }
>>     { "Cr3+" "Cr"  "sp3" }
>>     { "In3+" "In"  "sp3" }
>>     { "Tl3+" "Tl"  "sp3" }
>>     { "Y3+"  "Y"   "sp3" }
>>     { "La3+" "La"  "sp3" }
>>     { "Ce3+" "Ce"  "sp3" }
>>     { "Pr3+" "Pr"  "sp3" }
>>     { "Nd3+" "Nd"  "sp3" }
>>     { "Sm3+" "Sm"  "sp3" }
>>     { "Eu3+" "Eu"  "sp3" }
>>     { "Gd3+" "Gd"  "sp3" }
>>     { "Tb3+" "Tb"  "sp3" }
>>     { "Dy3+" "Dy"  "sp3" }
>>     { "Er3+" "Er"  "sp3" }
>>     { "Tm3+" "Tm"  "sp3" }
>>     { "Lu3+" "Lu"  "sp3" }
>>     { "Hf4+" "Hf"  "sp3" }
>>     { "Zr4+" "Zr"  "sp3" }
>>     { "Ce4+" "Ce"  "sp3" }
>>     { "U4+"  "U"   "sp3" }
>>     { "Pu4+" "Pu"  "sp3" }
>>     { "Th4+" "Th"  "sp3" }
>> }
>> loadOff atomic_ions.lib
Loading library: /home/nkumarachchi2019/programs/amber22/dat/leap/lib/atomic_ions.lib
Loading: AG
Loading: AL
Loading: Ag
Loading: BA
Loading: BR
Loading: Be
Loading: CA
Loading: CD
Loading: CE
Loading: CL
Loading: CO
Loading: CR
Loading: CS
Loading: CU
Loading: CU1
Loading: Ce
Loading: Cl-
Loading: Cr
Loading: Dy
Loading: EU
Loading: EU3
Loading: Er
Loading: F
Loading: FE
Loading: FE2
Loading: GD3
Loading: H3O+
Loading: HE+
Loading: HG
Loading: HZ+
Loading: Hf
Loading: IN
Loading: IOD
Loading: K
Loading: K+
Loading: LA
Loading: LI
Loading: LU
Loading: MG
Loading: MN
Loading: NA
Loading: NH4
Loading: NI
Loading: Na+
Loading: Nd
Loading: PB
Loading: PD
Loading: PR
Loading: PT
Loading: Pu
Loading: RB
Loading: Ra
Loading: SM
Loading: SR
Loading: Sm
Loading: Sn
Loading: TB
Loading: TL
Loading: Th
Loading: Tl
Loading: Tm
Loading: U4+
Loading: V2+
Loading: Y
Loading: YB2
Loading: ZN
Loading: Zr
>> loadOff solvents.lib
Loading library: /home/nkumarachchi2019/programs/amber22/dat/leap/lib/solvents.lib
Loading: CHCL3BOX
Loading: DC4
Loading: FB3
Loading: FB3BOX
Loading: FB4
Loading: FB4BOX
Loading: MEOHBOX
Loading: NMABOX
Loading: O3P
Loading: OP3
Loading: OPC
Loading: OPC3BOX
Loading: OPC3POLBOX
Loading: OPCBOX
Loading: PL3
Loading: POL3BOX
Loading: QSPCFWBOX
Loading: SPC
Loading: SPCBOX
Loading: SPCFWBOX
Loading: SPF
Loading: SPG
Loading: T4E
Loading: TIP3PBOX
Loading: TIP3PFBOX
Loading: TIP4PBOX
Loading: TIP4PEWBOX
Loading: TIP5PBOX
Loading: TP3
Loading: TP4
Loading: TP5
Loading: TPF
>> HOH = TP3
>> WAT = TP3
>> loadAmberParams frcmod.tip3p
Loading parameters: /home/nkumarachchi2019/programs/amber22/dat/leap/parm/frcmod.tip3p
Reading force field modification type file (frcmod)
Reading title:
This is the additional/replacement parameter set for TIP3P water
>> loadAmberParams frcmod.ions1lm_126_tip3p
Loading parameters: /home/nkumarachchi2019/programs/amber22/dat/leap/parm/frcmod.ions1lm_126_tip3p
Reading force field modification type file (frcmod)
Reading title:
Li/Merz ion parameters of monovalent ions for TIP3P water model (12-6 normal usage set)
>> loadAmberParams frcmod.ionsjc_tip3p
Loading parameters: /home/nkumarachchi2019/programs/amber22/dat/leap/parm/frcmod.ionsjc_tip3p
Reading force field modification type file (frcmod)
Reading title:
Monovalent ion parameters for Ewald and TIP3P water from Joung & Cheatham JPCB (2008)
>> loadAmberParams frcmod.ions234lm_126_tip3p
Loading parameters: /home/nkumarachchi2019/programs/amber22/dat/leap/parm/frcmod.ions234lm_126_tip3p
Reading force field modification type file (frcmod)
Reading title:
Li/Merz ion parameters of divalent to tetravalent ions for TIP3P water model (12-6 normal usage set)
>> 
> 
> #source leaprc.water.opc3
> addAtomTypes {
>   { "5A" "C" "sp3" }
>   { "5G" "C" "sp3" }
>   { "5Q" "C" "sp3" }
>   { "5U" "C" "sp3" }
>   { "AA" "C" "sp3" }
>   { "AC" "C" "sp3" }
>   { "AG" "C" "sp3" }
>   { "AU" "C" "sp3" }
>   { "GA" "C" "sp3" }
>   { "GC" "C" "sp3" }
>   { "GG" "C" "sp3" }
>   { "GU" "C" "sp3" }
>   { "QA" "C" "sp3" }
>   { "QC" "C" "sp3" }
>   { "QG" "C" "sp3" }
>   { "QU" "C" "sp3" }
>   { "UA" "C" "sp3" }
>   { "UC" "C" "sp3" }
>   { "UG" "C" "sp3" }
>   { "UU" "C" "sp3" }
>   { "A3" "O" "sp3" }
>   { "aa" "O" "sp3" }
>   { "ac" "O" "sp3" }
>   { "ag" "O" "sp3" }
>   { "au" "O" "sp3" }
>   { "G3" "O" "sp3" }
>   { "ga" "O" "sp3" }
>   { "gc" "O" "sp3" }
>   { "gg" "O" "sp3" }
>   { "gu" "O" "sp3" }
>   { "Q3" "O" "sp3" }
>   { "qa" "O" "sp3" }
>   { "qc" "O" "sp3" }
>   { "qg" "O" "sp3" }
>   { "qu" "O" "sp3" }
>   { "U3" "O" "sp3" }
>   { "ua" "O" "sp3" }
>   { "uc" "O" "sp3" }
>   { "ug" "O" "sp3" }
>   { "uu" "O" "sp3" }
>   { "C1"  "C" "sp2" }
>   { "C2"  "C" "sp2" }
>   { "C3"  "C" "sp2" }
>   { "C4"  "C" "sp2" }
> }
> addPdbAtomMap {
>   { "H5'" "H5'1" } { "H5''" "H5'2" }
>   { "OP1" "O1P" }  { "OP2" "O2P" }
>   { "H2'" "H2'1" } { "HO2'" "HO'2" }
>   { "HO5'" "H5T" } { "HO3'" "H3T" }
> }
Substituting map H2' -> H2'1  for  H2' -> H2'1
Substituting map HO2' -> HO'2  for  HO2' -> HO'2
> 
> set default pbradii mbondi3
Using ArgH and AspGluO modified Bondi2 radii
> 
> loadoff		/media/nkumarachchi2019/EXT1_MALATYA/prep_1D_combine_analyze_prep_systems_for_sims/simulations_prep_files/OPCnTIP3_and_Beta_curve_testing/scripts_simulation_related/lib_dev_1D_comb/RNA_dimeric_residues_dev.lib 
Loading library: /media/nkumarachchi2019/EXT1_MALATYA/prep_1D_combine_analyze_prep_systems_for_sims/simulations_prep_files/OPCnTIP3_and_Beta_curve_testing/scripts_simulation_related/lib_dev_1D_comb/RNA_dimeric_residues_dev.lib
Loading: 5AA
Loading: 5AC
Loading: 5AG
Loading: 5AU
Loading: 5CA
Loading: 5CC
Loading: 5CG
Loading: 5CU
Loading: 5GA
Loading: 5GC
Loading: 5GG
Loading: 5GU
Loading: 5UA
Loading: 5UC
Loading: 5UG
Loading: 5UU
Loading: AA3
Loading: AAA
Loading: AAC
Loading: AAG
Loading: AAU
Loading: AC3
Loading: ACA
Loading: ACC
Loading: ACG
Loading: ACU
Loading: AG3
Loading: AGA
Loading: AGC
Loading: AGG
Loading: AGU
Loading: AU3
Loading: AUA
Loading: AUC
Loading: AUG
Loading: AUU
Loading: CA3
Loading: CAA
Loading: CAC
Loading: CAG
Loading: CAU
Loading: CC3
Loading: CCA
Loading: CCC
Loading: CCG
Loading: CCU
Loading: CG3
Loading: CGA
Loading: CGC
Loading: CGG
Loading: CGU
Loading: CU3
Loading: CUA
Loading: CUC
Loading: CUG
Loading: CUU
Loading: GA3
Loading: GAA
Loading: GAC
Loading: GAG
Loading: GAU
Loading: GC3
Loading: GCA
Loading: GCC
Loading: GCG
Loading: GCU
Loading: GG3
Loading: GGA
Loading: GGC
Loading: GGG
Loading: GGU
Loading: GU3
Loading: GUA
Loading: GUC
Loading: GUG
Loading: GUU
Loading: UA3
Loading: UAA
Loading: UAC
Loading: UAG
Loading: UAU
Loading: UC3
Loading: UCA
Loading: UCC
Loading: UCG
Loading: UCU
Loading: UG3
Loading: UGA
Loading: UGC
Loading: UGG
Loading: UGU
Loading: UU3
Loading: UUA
Loading: UUC
Loading: UUG
Loading: UUU
> loadamberparams /media/nkumarachchi2019/EXT1_MALATYA/prep_1D_combine_analyze_prep_systems_for_sims/simulations_prep_files/OPCnTIP3_and_Beta_curve_testing/scripts_simulation_related/lib_dev_1D_comb/frcmod_dev 
Loading parameters: /media/nkumarachchi2019/EXT1_MALATYA/prep_1D_combine_analyze_prep_systems_for_sims/simulations_prep_files/OPCnTIP3_and_Beta_curve_testing/scripts_simulation_related/lib_dev_1D_comb/frcmod_dev
Reading force field modification type file (frcmod)
Reading title:
Yildirim, Stern, Turner: Modified chi dihedral parameters of parm99 (JCTC 6, pp 1520-1531, 2010)
> loadamberparams /media/nkumarachchi2019/EXT1_MALATYA/prep_1D_combine_analyze_prep_systems_for_sims/simulations_prep_files/OPCnTIP3_and_Beta_curve_testing/scripts_simulation_related/lib_dev_1D_comb/frcmod_Betacomb4  
Loading parameters: /media/nkumarachchi2019/EXT1_MALATYA/prep_1D_combine_analyze_prep_systems_for_sims/simulations_prep_files/OPCnTIP3_and_Beta_curve_testing/scripts_simulation_related/lib_dev_1D_comb/frcmod_Betacomb4
Reading force field modification type file (frcmod)
Reading title:
newmodel_beta_comb4
> loadamberparams /media/nkumarachchi2019/EXT1_MALATYA/prep_1D_combine_analyze_prep_systems_for_sims/simulations_prep_files/OPCnTIP3_and_Beta_curve_testing/scripts_simulation_related/lib_dev_1D_comb/frcmod_alfa_1Dcomb 
Loading parameters: /media/nkumarachchi2019/EXT1_MALATYA/prep_1D_combine_analyze_prep_systems_for_sims/simulations_prep_files/OPCnTIP3_and_Beta_curve_testing/scripts_simulation_related/lib_dev_1D_comb/frcmod_alfa_1Dcomb
Reading force field modification type file (frcmod)
Reading title:
alfa_frcmod
> loadamberparams /media/nkumarachchi2019/EXT1_MALATYA/prep_1D_combine_analyze_prep_systems_for_sims/simulations_prep_files/OPCnTIP3_and_Beta_curve_testing/scripts_simulation_related/lib_dev_1D_comb/frcmod_gamma_1Dcomb  
Loading parameters: /media/nkumarachchi2019/EXT1_MALATYA/prep_1D_combine_analyze_prep_systems_for_sims/simulations_prep_files/OPCnTIP3_and_Beta_curve_testing/scripts_simulation_related/lib_dev_1D_comb/frcmod_gamma_1Dcomb
Reading force field modification type file (frcmod)
Reading title:
gamma_frcmod
> loadamberparams /media/nkumarachchi2019/EXT1_MALATYA/prep_1D_combine_analyze_prep_systems_for_sims/simulations_prep_files/OPCnTIP3_and_Beta_curve_testing/scripts_simulation_related/lib_dev_1D_comb/frcmod_epsi_1Dcomb  
Loading parameters: /media/nkumarachchi2019/EXT1_MALATYA/prep_1D_combine_analyze_prep_systems_for_sims/simulations_prep_files/OPCnTIP3_and_Beta_curve_testing/scripts_simulation_related/lib_dev_1D_comb/frcmod_epsi_1Dcomb
Reading force field modification type file (frcmod)
Reading title:
epsi_frcmod
> loadamberparams /media/nkumarachchi2019/EXT1_MALATYA/prep_1D_combine_analyze_prep_systems_for_sims/simulations_prep_files/OPCnTIP3_and_Beta_curve_testing/scripts_simulation_related/lib_dev_1D_comb/frcmod_zeta_1Dcomb  
Loading parameters: /media/nkumarachchi2019/EXT1_MALATYA/prep_1D_combine_analyze_prep_systems_for_sims/simulations_prep_files/OPCnTIP3_and_Beta_curve_testing/scripts_simulation_related/lib_dev_1D_comb/frcmod_zeta_1Dcomb
Reading force field modification type file (frcmod)
Reading title:
zeta_frcmod
> 
> # # loadamberparams /media/nkumarachchi2019/EXT1_MALATYA/ivan_Nir_PDBS_haipins/lib_dev_1D_comb/frcmod_beta_1Dcomb 
> 
> model = loadpdb ./cug9.new.pdb     
Loading PDB file: ./cug9.new.pdb
Matching PDB residue names to LEaP variables.
  total atoms in file: 854
> 
> #model = loadpdb ./resname.new.pdb     
> #addions model Na+ 0
> #solvateoct model TIP3PBOX 12.0
> #solvateoct model OPC3BOX 12.0
> 
> saveAmberParm model prmtop inpcrd
Checking Unit.

/home/nkumarachchi2019/programs/amber22/bin/teLeap: Warning!
The unperturbed charge of the unit (-26.000000) is not zero.

/home/nkumarachchi2019/programs/amber22/bin/teLeap: Note.
Ignoring the warning from Unit Checking.

Building topology.
Building atom parameters.
Building bond parameters.
Building angle parameters.
Building proper torsion parameters.
Building improper torsion parameters.
 ** Warning: No sp2 improper torsion term for  N*-CB-CB-NC
        atoms are: N9 C5 C4 N3
 ** Warning: No sp2 improper torsion term for  NB-C-CB-CB
        atoms are: N7 C6 C5 C4
 ** Warning: No sp2 improper torsion term for  N*-CB-CB-NC
        atoms are: N9 C5 C4 N3
 ** Warning: No sp2 improper torsion term for  NB-C-CB-CB
        atoms are: N7 C6 C5 C4
 ** Warning: No sp2 improper torsion term for  N*-CB-CB-NC
        atoms are: N9 C5 C4 N3
 ** Warning: No sp2 improper torsion term for  NB-C-CB-CB
        atoms are: N7 C6 C5 C4
 ** Warning: No sp2 improper torsion term for  N*-CB-CB-NC
        atoms are: N9 C5 C4 N3
 ** Warning: No sp2 improper torsion term for  NB-C-CB-CB
        atoms are: N7 C6 C5 C4
 ** Warning: No sp2 improper torsion term for  N*-CB-CB-NC
        atoms are: N9 C5 C4 N3
 ** Warning: No sp2 improper torsion term for  NB-C-CB-CB
        atoms are: N7 C6 C5 C4
 ** Warning: No sp2 improper torsion term for  N*-CB-CB-NC
        atoms are: N9 C5 C4 N3
 ** Warning: No sp2 improper torsion term for  NB-C-CB-CB
        atoms are: N7 C6 C5 C4
 ** Warning: No sp2 improper torsion term for  N*-CB-CB-NC
        atoms are: N9 C5 C4 N3
 ** Warning: No sp2 improper torsion term for  NB-C-CB-CB
        atoms are: N7 C6 C5 C4
 ** Warning: No sp2 improper torsion term for  N*-CB-CB-NC
        atoms are: N9 C5 C4 N3
 ** Warning: No sp2 improper torsion term for  NB-C-CB-CB
        atoms are: N7 C6 C5 C4
 ** Warning: No sp2 improper torsion term for  N*-CB-CB-NC
        atoms are: N9 C5 C4 N3
 ** Warning: No sp2 improper torsion term for  NB-C-CB-CB
        atoms are: N7 C6 C5 C4
 total 162 improper torsions applied
Building H-Bond parameters.
Incorporating Non-Bonded adjustments.
Not Marking per-residue atom chain types.
Marking per-residue atom chain types.
 (no restraints)
> 
> quit
	Quit

Exiting LEaP: Errors = 0; Warnings = 1; Notes = 1.
log started: Tue Apr 22 12:58:36 2025

Log file: ./leap.log
>> #
>> # ----- leaprc for loading the Cornell et al. 1994 topologies
>> #       with parm99
>> #       assumes that any unspecified nucleic acids are RNA 
>> #
>> #	load atom type hybridizations
>> #
>> addAtomTypes {
>> 	{ "H"   "H" "sp3" }
>> 	{ "HO"  "H" "sp3" }
>> 	{ "HS"  "H" "sp3" }
>> 	{ "H1"  "H" "sp3" }
>> 	{ "H2"  "H" "sp3" }
>> 	{ "H3"  "H" "sp3" }
>> 	{ "H4"  "H" "sp3" }
>> 	{ "H5"  "H" "sp3" }
>> 	{ "HW"  "H" "sp3" }
>> 	{ "HC"  "H" "sp3" }
>> 	{ "HA"  "H" "sp3" }
>> 	{ "HP"  "H" "sp3" }
>> 	{ "OH"  "O" "sp3" }
>> 	{ "OS"  "O" "sp3" }
>> 	{ "O"   "O" "sp2" }
>> 	{ "O2"  "O" "sp2" }
>> 	{ "OW"  "O" "sp3" }
>> 	{ "CT"  "C" "sp3" }
>> 	{ "CH"  "C" "sp3" }
>> 	{ "C2"  "C" "sp3" }
>> 	{ "C3"  "C" "sp3" }
>> 	{ "C"   "C" "sp2" }
>> 	{ "C*"  "C" "sp2" }
>> 	{ "CA"  "C" "sp2" }
>> 	{ "CB"  "C" "sp2" }
>> 	{ "CC"  "C" "sp2" }
>> 	{ "CN"  "C" "sp2" }
>> 	{ "CM"  "C" "sp2" }
>> 	{ "CK"  "C" "sp2" }
>> 	{ "CQ"  "C" "sp2" }
>> 	{ "CD"  "C" "sp2" }
>> 	{ "CE"  "C" "sp2" }
>> 	{ "CF"  "C" "sp2" }
>> 	{ "CG"  "C" "sp2" }
>> 	{ "CP"  "C" "sp2" }
>> 	{ "CI"  "C" "sp2" }
>> 	{ "CJ"  "C" "sp2" }
>> 	{ "CW"  "C" "sp2" }
>> 	{ "CV"  "C" "sp2" }
>> 	{ "CR"  "C" "sp2" }
>> 	{ "CA"  "C" "sp2" }
>> 	{ "CY"  "C" "sp2" }
>> 	{ "C0"  "C" "sp2" }
>> 	{ "MG"  "Mg" "sp3" }
>> 	{ "N"   "N" "sp2" }
>> 	{ "NA"  "N" "sp2" }
>> 	{ "N2"  "N" "sp2" }
>> 	{ "N*"  "N" "sp2" }
>> 	{ "NP"  "N" "sp2" }
>> 	{ "NQ"  "N" "sp2" }
>> 	{ "NB"  "N" "sp2" }
>> 	{ "NC"  "N" "sp2" }
>> 	{ "NT"  "N" "sp3" }
>> 	{ "N3"  "N" "sp3" }
>> 	{ "S"   "S" "sp3" }
>> 	{ "SH"  "S" "sp3" }
>> 	{ "P"   "P" "sp3" }
>> 	{ "LP"  ""  "sp3" }
>> 	{ "F"   "F" "sp3" }
>> 	{ "CL"  "Cl" "sp3" }
>> 	{ "BR"  "Br" "sp3" }
>> 	{ "I"   "I"  "sp3" }
>> 	{ "FE"  "Fe" "sp3" }
>> # glycam
>> 	{ "OG"  "O" "sp3" }
>> 	{ "OL"  "O" "sp3" }
>> 	{ "AC"  "C" "sp3" }
>> 	{ "EC"  "C" "sp3" }
>> }
>> #
>> #
>> #	Load the main parameter set.
>> #
>> parm99 = loadamberparams parm99.dat
Loading parameters: /home/nkumarachchi2019/programs/amber22/dat/leap/parm/parm99.dat
Reading title:
PARM99 for DNA,RNA,AA, organic molecules, Polariz.& LP incl.02/04/99
(UNKNOWN ATOM TYPE: HZ)
(UNKNOWN ATOM TYPE: IM)
(UNKNOWN ATOM TYPE: Li)
(UNKNOWN ATOM TYPE: IP)
(UNKNOWN ATOM TYPE: K)
(UNKNOWN ATOM TYPE: Rb)
(UNKNOWN ATOM TYPE: Cs)
(UNKNOWN ATOM TYPE: Zn)
(UNKNOWN ATOM TYPE: IB)
(UNKNOWN ATOM TYPE: LP)
>> #
>> #	Load DNA/RNA libraries
>> #
>> loadOff all_nucleic94.lib
Loading library: /home/nkumarachchi2019/programs/amber22/dat/leap/lib/all_nucleic94.lib
Loading: DA
Loading: DA3
Loading: DA5
Loading: DAN
Loading: DC
Loading: DC3
Loading: DC5
Loading: DCN
Loading: DG
Loading: DG3
Loading: DG5
Loading: DGN
Loading: DT
Loading: DT3
Loading: DT5
Loading: DTN
Loading: RA
Loading: RA3
Loading: RA5
Loading: RAN
Loading: RC
Loading: RC3
Loading: RC5
Loading: RCN
Loading: RG
Loading: RG3
Loading: RG5
Loading: RGN
Loading: RU
Loading: RU3
Loading: RU5
Loading: RUN
>> #
>> #	Load main chain and terminating 
>> #	amino acid libraries.
>> #
>> loadOff all_amino94.lib
Loading library: /home/nkumarachchi2019/programs/amber22/dat/leap/lib/all_amino94.lib
Loading: ALA
Loading: ARG
Loading: ASH
Loading: ASN
Loading: ASP
Loading: CYM
Loading: CYS
Loading: CYX
Loading: GLH
Loading: GLN
Loading: GLU
Loading: GLY
Loading: HID
Loading: HIE
Loading: HIP
Loading: ILE
Loading: LEU
Loading: LYN
Loading: LYS
Loading: MET
Loading: PHE
Loading: PRO
Loading: SER
Loading: THR
Loading: TRP
Loading: TYR
Loading: VAL
>> loadOff all_aminoct94.lib
Loading library: /home/nkumarachchi2019/programs/amber22/dat/leap/lib/all_aminoct94.lib
Loading: CALA
Loading: CARG
Loading: CASN
Loading: CASP
Loading: CCYS
Loading: CCYX
Loading: CGLN
Loading: CGLU
Loading: CGLY
Loading: CHID
Loading: CHIE
Loading: CHIP
Loading: CILE
Loading: CLEU
Loading: CLYS
Loading: CMET
Loading: CPHE
Loading: CPRO
Loading: CSER
Loading: CTHR
Loading: CTRP
Loading: CTYR
Loading: CVAL
Loading: NHE
Loading: NME
>> loadOff all_aminont94.lib
Loading library: /home/nkumarachchi2019/programs/amber22/dat/leap/lib/all_aminont94.lib
Loading: ACE
Loading: NALA
Loading: NARG
Loading: NASN
Loading: NASP
Loading: NCYS
Loading: NCYX
Loading: NGLN
Loading: NGLU
Loading: NGLY
Loading: NHID
Loading: NHIE
Loading: NHIP
Loading: NILE
Loading: NLEU
Loading: NLYS
Loading: NMET
Loading: NPHE
Loading: NPRO
Loading: NSER
Loading: NTHR
Loading: NTRP
Loading: NTYR
Loading: NVAL
>> #
>> #	Load ion library
>> #
>> loadOff ions94.lib
Loading library: /home/nkumarachchi2019/programs/amber22/dat/leap/lib/ions94.lib
Loading: CIO
Loading: Cl-
Loading: Cs+
Loading: IB
Loading: K+
Loading: Li+
Loading: MG2
Loading: Na+
Loading: Rb+
>> loadOff solvents.lib
Loading library: /home/nkumarachchi2019/programs/amber22/dat/leap/lib/solvents.lib
Loading: CHCL3BOX
Loading: DC4
Loading: FB3
Loading: FB3BOX
Loading: FB4
Loading: FB4BOX
Loading: MEOHBOX
Loading: NMABOX
Loading: O3P
Loading: OP3
Loading: OPC
Loading: OPC3BOX
Loading: OPC3POLBOX
Loading: OPCBOX
Loading: PL3
Loading: POL3BOX
Loading: QSPCFWBOX
Loading: SPC
Loading: SPCBOX
Loading: SPCFWBOX
Loading: SPF
Loading: SPG
Loading: T4E
Loading: TIP3PBOX
Loading: TIP3PFBOX
Loading: TIP4PBOX
Loading: TIP4PEWBOX
Loading: TIP5PBOX
Loading: TP3
Loading: TP4
Loading: TP5
Loading: TPF
>> HOH = TP3
>> WAT = TP3
>> #
>> #	Define the PDB name map for the amino acids and RNA.
>> #
>> addPdbResMap {
>>   { 0 "ALA" "NALA" } { 1 "ALA" "CALA" }
>>   { 0 "ARG" "NARG" } { 1 "ARG" "CARG" }
>>   { 0 "ASN" "NASN" } { 1 "ASN" "CASN" }
>>   { 0 "ASP" "NASP" } { 1 "ASP" "CASP" }
>>   { 0 "CYS" "NCYS" } { 1 "CYS" "CCYS" }
>>   { 0 "CYX" "NCYX" } { 1 "CYX" "CCYX" }
>>   { 0 "GLN" "NGLN" } { 1 "GLN" "CGLN" }
>>   { 0 "GLU" "NGLU" } { 1 "GLU" "CGLU" }
>>   { 0 "GLY" "NGLY" } { 1 "GLY" "CGLY" }
>>   { 0 "HID" "NHID" } { 1 "HID" "CHID" }
>>   { 0 "HIE" "NHIE" } { 1 "HIE" "CHIE" }
>>   { 0 "HIP" "NHIP" } { 1 "HIP" "CHIP" }
>>   { 0 "ILE" "NILE" } { 1 "ILE" "CILE" }
>>   { 0 "LEU" "NLEU" } { 1 "LEU" "CLEU" }
>>   { 0 "LYS" "NLYS" } { 1 "LYS" "CLYS" }
>>   { 0 "MET" "NMET" } { 1 "MET" "CMET" }
>>   { 0 "PHE" "NPHE" } { 1 "PHE" "CPHE" }
>>   { 0 "PRO" "NPRO" } { 1 "PRO" "CPRO" }
>>   { 0 "SER" "NSER" } { 1 "SER" "CSER" }
>>   { 0 "THR" "NTHR" } { 1 "THR" "CTHR" }
>>   { 0 "TRP" "NTRP" } { 1 "TRP" "CTRP" }
>>   { 0 "TYR" "NTYR" } { 1 "TYR" "CTYR" }
>>   { 0 "VAL" "NVAL" } { 1 "VAL" "CVAL" }
>>   { 0 "HIS" "NHIS" } { 1 "HIS" "CHIS" }
>>   { 0 "GUA" "RG5"  } { 1 "GUA" "RG3"  } { "GUA" "RG" }
>>   { 0 "ADE" "RA5"  } { 1 "ADE" "RA3"  } { "ADE" "RA" }
>>   { 0 "CYT" "RC5"  } { 1 "CYT" "RC3"  } { "CYT" "RC" }
>>   { 0 "URA" "RU5"  } { 1 "URA" "RU3"  } { "URA" "RU" }
>>   { 0 "G" "RG5"  } { 1 "G" "RG3"  } { "G" "RG" } { "GN" "RGN" }
>>   { 0 "A" "RA5"  } { 1 "A" "RA3"  } { "A" "RA" } { "AN" "RAN" }
>>   { 0 "C" "RC5"  } { 1 "C" "RC3"  } { "C" "RC" } { "CN" "RCN" }
>>   { 0 "U" "RU5"  } { 1 "U" "RU3"  } { "U" "RU" } { "UN" "RUN" }
>>   { 0 "C5" "RC5" }
>>   { 0 "G5" "RG5" }
>>   { 0 "A5" "RA5" }
>>   { 0 "U5" "RU5" }
>>   { 1 "C3" "RC3" }
>>   { 1 "G3" "RG3" }
>>   { 1 "A3" "RA3" }
>>   { 1 "U3" "RU3" }
>> }
>> 
>> addPdbAtomMap {
>>   { "O5*" "O5'" }
>>   { "C5*" "C5'" }
>>   { "C4*" "C4'" }
>>   { "O4*" "O4'" }
>>   { "C3*" "C3'" }
>>   { "O3*" "O3'" }
>>   { "O2*" "O2'" }
>>   { "C2*" "C2'" }
>>   { "C1*" "C1'" }
>> # old ff atom names -> new
>>   { "O1'" "O4'" }
>>   { "OA"  "O1P" }
>>   { "OB"  "O2P" }
>>   { "H2'" "H2'1" }
>>   { "HO2'" "HO'2" }
>>   { "H5*1" "H5'1" }
>>   { "H5*2" "H5'2" }
>>   { "H4*" "H4'" }
>>   { "H3*" "H3'" }
>>   { "H1*" "H1'" }
>>   { "H2*1" "H2'1" }
>>   { "HO*2" "HO'2" }
>> }
>> 
>> #
>> # assumed that most often proteins use HIE
>> #
>> NHIS = NHIE
>> HIS = HIE
>> CHIS = CHIE
>> 
>> # translate RNA residue names:
>> 
>> GUA = RG
>> CYT = RC
>> ADE = RA
>> URA = RU
> 
> source leaprc.water.tip3p
----- Source: /home/nkumarachchi2019/programs/amber22/dat/leap/cmd/leaprc.water.tip3p
----- Source of /home/nkumarachchi2019/programs/amber22/dat/leap/cmd/leaprc.water.tip3p done
>> #
>> #       Load water and ions for TIP3P + Li/Merz monovalent ions 
>> #       + Joung-Chetham monovalent ions
>> #       + Li/Merz highly charged ions (+2 to +4, 12-6 normal usage set)
>> #
>> #       Note: the Li/Merz monovalent set is loaded only to get Tl+,
>> #          Cu+, Ag+ NH4+, H3O+.  Since we load Joung-Cheatham second,
>> #          the alkali halide parameters come from the Joung-Cheatham set
>> #
>> addAtomTypes {
>> 	{ "HW"  "H" "sp3" }
>> 	{ "OW"  "O" "sp3" }
>> 	{ "F-"   "F" "sp3" }
>> 	{ "Cl-"  "Cl" "sp3" }
>> 	{ "Br-"  "Br" "sp3" }
>> 	{ "I-"   "I"  "sp3" }
>> 	{ "Li+"  "Li"  "sp3" }
>> 	{ "Na+"  "Na"  "sp3" }
>> 	{ "K+"  "K"  "sp3" }
>> 	{ "Rb+"  "Rb"  "sp3" }
>> 	{ "Cs+"  "Cs"  "sp3" }
>> 	{ "Mg+"  "Mg"  "sp3" }
>>     { "Tl+"  "Tl"  "sp3" }
>>     { "Cu+"  "Cu"  "sp3" }
>>     { "Ag+"  "Ag"  "sp3" }
>>     { "NH4+"  "N"  "sp3" }
>>     { "H3O+"  "O"  "sp3" }
>>     { "Be2+" "Be"  "sp3" }
>>     { "Cu2+" "Cu"  "sp3" }
>>     { "Ni2+" "Ni"  "sp3" }
>>     { "Pt2+" "Pt"  "sp3" }
>>     { "Zn2+" "Zn"  "sp3" }
>>     { "Co2+" "Co"  "sp3" }
>>     { "Pd2+" "Pd"  "sp3" }
>>     { "Ag2+" "Ag"  "sp3" }
>>     { "Cr2+" "Cr"  "sp3" }
>>     { "Fe2+" "Fe"  "sp3" }
>>     { "Mg2+" "Mg"  "sp3" }
>>     { "V2+"  "V"   "sp3" }
>>     { "Mn2+" "Mn"  "sp3" }
>>     { "Hg2+" "Hg"  "sp3" }
>>     { "Cd2+" "Cd"  "sp3" }
>>     { "Yb2+" "Yb"  "sp3" }
>>     { "Ca2+" "Ca"  "sp3" }
>>     { "Sn2+" "Sn"  "sp3" }
>>     { "Pb2+" "Pb"  "sp3" }
>>     { "Eu2+" "Eu"  "sp3" }
>>     { "Sr2+" "Sr"  "sp3" }
>>     { "Sm2+" "Sm"  "sp3" }
>>     { "Ba2+" "Ba"  "sp3" }
>>     { "Ra2+" "Ra"  "sp3" }
>>     { "Al3+" "Al"  "sp3" }
>>     { "Fe3+" "Fe"  "sp3" }
>>     { "Cr3+" "Cr"  "sp3" }
>>     { "In3+" "In"  "sp3" }
>>     { "Tl3+" "Tl"  "sp3" }
>>     { "Y3+"  "Y"   "sp3" }
>>     { "La3+" "La"  "sp3" }
>>     { "Ce3+" "Ce"  "sp3" }
>>     { "Pr3+" "Pr"  "sp3" }
>>     { "Nd3+" "Nd"  "sp3" }
>>     { "Sm3+" "Sm"  "sp3" }
>>     { "Eu3+" "Eu"  "sp3" }
>>     { "Gd3+" "Gd"  "sp3" }
>>     { "Tb3+" "Tb"  "sp3" }
>>     { "Dy3+" "Dy"  "sp3" }
>>     { "Er3+" "Er"  "sp3" }
>>     { "Tm3+" "Tm"  "sp3" }
>>     { "Lu3+" "Lu"  "sp3" }
>>     { "Hf4+" "Hf"  "sp3" }
>>     { "Zr4+" "Zr"  "sp3" }
>>     { "Ce4+" "Ce"  "sp3" }
>>     { "U4+"  "U"   "sp3" }
>>     { "Pu4+" "Pu"  "sp3" }
>>     { "Th4+" "Th"  "sp3" }
>> }
>> loadOff atomic_ions.lib
Loading library: /home/nkumarachchi2019/programs/amber22/dat/leap/lib/atomic_ions.lib
Loading: AG
Loading: AL
Loading: Ag
Loading: BA
Loading: BR
Loading: Be
Loading: CA
Loading: CD
Loading: CE
Loading: CL
Loading: CO
Loading: CR
Loading: CS
Loading: CU
Loading: CU1
Loading: Ce
Loading: Cl-
Loading: Cr
Loading: Dy
Loading: EU
Loading: EU3
Loading: Er
Loading: F
Loading: FE
Loading: FE2
Loading: GD3
Loading: H3O+
Loading: HE+
Loading: HG
Loading: HZ+
Loading: Hf
Loading: IN
Loading: IOD
Loading: K
Loading: K+
Loading: LA
Loading: LI
Loading: LU
Loading: MG
Loading: MN
Loading: NA
Loading: NH4
Loading: NI
Loading: Na+
Loading: Nd
Loading: PB
Loading: PD
Loading: PR
Loading: PT
Loading: Pu
Loading: RB
Loading: Ra
Loading: SM
Loading: SR
Loading: Sm
Loading: Sn
Loading: TB
Loading: TL
Loading: Th
Loading: Tl
Loading: Tm
Loading: U4+
Loading: V2+
Loading: Y
Loading: YB2
Loading: ZN
Loading: Zr
>> loadOff solvents.lib
Loading library: /home/nkumarachchi2019/programs/amber22/dat/leap/lib/solvents.lib
Loading: CHCL3BOX
Loading: DC4
Loading: FB3
Loading: FB3BOX
Loading: FB4
Loading: FB4BOX
Loading: MEOHBOX
Loading: NMABOX
Loading: O3P
Loading: OP3
Loading: OPC
Loading: OPC3BOX
Loading: OPC3POLBOX
Loading: OPCBOX
Loading: PL3
Loading: POL3BOX
Loading: QSPCFWBOX
Loading: SPC
Loading: SPCBOX
Loading: SPCFWBOX
Loading: SPF
Loading: SPG
Loading: T4E
Loading: TIP3PBOX
Loading: TIP3PFBOX
Loading: TIP4PBOX
Loading: TIP4PEWBOX
Loading: TIP5PBOX
Loading: TP3
Loading: TP4
Loading: TP5
Loading: TPF
>> HOH = TP3
>> WAT = TP3
>> loadAmberParams frcmod.tip3p
Loading parameters: /home/nkumarachchi2019/programs/amber22/dat/leap/parm/frcmod.tip3p
Reading force field modification type file (frcmod)
Reading title:
This is the additional/replacement parameter set for TIP3P water
>> loadAmberParams frcmod.ions1lm_126_tip3p
Loading parameters: /home/nkumarachchi2019/programs/amber22/dat/leap/parm/frcmod.ions1lm_126_tip3p
Reading force field modification type file (frcmod)
Reading title:
Li/Merz ion parameters of monovalent ions for TIP3P water model (12-6 normal usage set)
>> loadAmberParams frcmod.ionsjc_tip3p
Loading parameters: /home/nkumarachchi2019/programs/amber22/dat/leap/parm/frcmod.ionsjc_tip3p
Reading force field modification type file (frcmod)
Reading title:
Monovalent ion parameters for Ewald and TIP3P water from Joung & Cheatham JPCB (2008)
>> loadAmberParams frcmod.ions234lm_126_tip3p
Loading parameters: /home/nkumarachchi2019/programs/amber22/dat/leap/parm/frcmod.ions234lm_126_tip3p
Reading force field modification type file (frcmod)
Reading title:
Li/Merz ion parameters of divalent to tetravalent ions for TIP3P water model (12-6 normal usage set)
>> 
> 
> #source leaprc.water.opc3
> addAtomTypes {
>   { "5A" "C" "sp3" }
>   { "5G" "C" "sp3" }
>   { "5Q" "C" "sp3" }
>   { "5U" "C" "sp3" }
>   { "AA" "C" "sp3" }
>   { "AC" "C" "sp3" }
>   { "AG" "C" "sp3" }
>   { "AU" "C" "sp3" }
>   { "GA" "C" "sp3" }
>   { "GC" "C" "sp3" }
>   { "GG" "C" "sp3" }
>   { "GU" "C" "sp3" }
>   { "QA" "C" "sp3" }
>   { "QC" "C" "sp3" }
>   { "QG" "C" "sp3" }
>   { "QU" "C" "sp3" }
>   { "UA" "C" "sp3" }
>   { "UC" "C" "sp3" }
>   { "UG" "C" "sp3" }
>   { "UU" "C" "sp3" }
>   { "A3" "O" "sp3" }
>   { "aa" "O" "sp3" }
>   { "ac" "O" "sp3" }
>   { "ag" "O" "sp3" }
>   { "au" "O" "sp3" }
>   { "G3" "O" "sp3" }
>   { "ga" "O" "sp3" }
>   { "gc" "O" "sp3" }
>   { "gg" "O" "sp3" }
>   { "gu" "O" "sp3" }
>   { "Q3" "O" "sp3" }
>   { "qa" "O" "sp3" }
>   { "qc" "O" "sp3" }
>   { "qg" "O" "sp3" }
>   { "qu" "O" "sp3" }
>   { "U3" "O" "sp3" }
>   { "ua" "O" "sp3" }
>   { "uc" "O" "sp3" }
>   { "ug" "O" "sp3" }
>   { "uu" "O" "sp3" }
>   { "C1"  "C" "sp2" }
>   { "C2"  "C" "sp2" }
>   { "C3"  "C" "sp2" }
>   { "C4"  "C" "sp2" }
> }
> addPdbAtomMap {
>   { "H5'" "H5'1" } { "H5''" "H5'2" }
>   { "OP1" "O1P" }  { "OP2" "O2P" }
>   { "H2'" "H2'1" } { "HO2'" "HO'2" }
>   { "HO5'" "H5T" } { "HO3'" "H3T" }
> }
Substituting map H2' -> H2'1  for  H2' -> H2'1
Substituting map HO2' -> HO'2  for  HO2' -> HO'2
> 
> set default pbradii mbondi3
Using ArgH and AspGluO modified Bondi2 radii
> 
> loadoff		/media/nkumarachchi2019/EXT1_MALATYA/prep_1D_combine_analyze_prep_systems_for_sims/simulations_prep_files/OPCnTIP3_and_Beta_curve_testing/scripts_simulation_related/lib_dev_1D_comb/RNA_dimeric_residues_dev.lib 
Loading library: /media/nkumarachchi2019/EXT1_MALATYA/prep_1D_combine_analyze_prep_systems_for_sims/simulations_prep_files/OPCnTIP3_and_Beta_curve_testing/scripts_simulation_related/lib_dev_1D_comb/RNA_dimeric_residues_dev.lib
Loading: 5AA
Loading: 5AC
Loading: 5AG
Loading: 5AU
Loading: 5CA
Loading: 5CC
Loading: 5CG
Loading: 5CU
Loading: 5GA
Loading: 5GC
Loading: 5GG
Loading: 5GU
Loading: 5UA
Loading: 5UC
Loading: 5UG
Loading: 5UU
Loading: AA3
Loading: AAA
Loading: AAC
Loading: AAG
Loading: AAU
Loading: AC3
Loading: ACA
Loading: ACC
Loading: ACG
Loading: ACU
Loading: AG3
Loading: AGA
Loading: AGC
Loading: AGG
Loading: AGU
Loading: AU3
Loading: AUA
Loading: AUC
Loading: AUG
Loading: AUU
Loading: CA3
Loading: CAA
Loading: CAC
Loading: CAG
Loading: CAU
Loading: CC3
Loading: CCA
Loading: CCC
Loading: CCG
Loading: CCU
Loading: CG3
Loading: CGA
Loading: CGC
Loading: CGG
Loading: CGU
Loading: CU3
Loading: CUA
Loading: CUC
Loading: CUG
Loading: CUU
Loading: GA3
Loading: GAA
Loading: GAC
Loading: GAG
Loading: GAU
Loading: GC3
Loading: GCA
Loading: GCC
Loading: GCG
Loading: GCU
Loading: GG3
Loading: GGA
Loading: GGC
Loading: GGG
Loading: GGU
Loading: GU3
Loading: GUA
Loading: GUC
Loading: GUG
Loading: GUU
Loading: UA3
Loading: UAA
Loading: UAC
Loading: UAG
Loading: UAU
Loading: UC3
Loading: UCA
Loading: UCC
Loading: UCG
Loading: UCU
Loading: UG3
Loading: UGA
Loading: UGC
Loading: UGG
Loading: UGU
Loading: UU3
Loading: UUA
Loading: UUC
Loading: UUG
Loading: UUU
> loadamberparams /media/nkumarachchi2019/EXT1_MALATYA/prep_1D_combine_analyze_prep_systems_for_sims/simulations_prep_files/OPCnTIP3_and_Beta_curve_testing/scripts_simulation_related/lib_dev_1D_comb/frcmod_dev 
Loading parameters: /media/nkumarachchi2019/EXT1_MALATYA/prep_1D_combine_analyze_prep_systems_for_sims/simulations_prep_files/OPCnTIP3_and_Beta_curve_testing/scripts_simulation_related/lib_dev_1D_comb/frcmod_dev
Reading force field modification type file (frcmod)
Reading title:
Yildirim, Stern, Turner: Modified chi dihedral parameters of parm99 (JCTC 6, pp 1520-1531, 2010)
> loadamberparams /media/nkumarachchi2019/EXT1_MALATYA/prep_1D_combine_analyze_prep_systems_for_sims/simulations_prep_files/OPCnTIP3_and_Beta_curve_testing/scripts_simulation_related/lib_dev_1D_comb/frcmod_Betacomb4  
Loading parameters: /media/nkumarachchi2019/EXT1_MALATYA/prep_1D_combine_analyze_prep_systems_for_sims/simulations_prep_files/OPCnTIP3_and_Beta_curve_testing/scripts_simulation_related/lib_dev_1D_comb/frcmod_Betacomb4
Reading force field modification type file (frcmod)
Reading title:
newmodel_beta_comb4
> loadamberparams /media/nkumarachchi2019/EXT1_MALATYA/prep_1D_combine_analyze_prep_systems_for_sims/simulations_prep_files/OPCnTIP3_and_Beta_curve_testing/scripts_simulation_related/lib_dev_1D_comb/frcmod_alfa_1Dcomb 
Loading parameters: /media/nkumarachchi2019/EXT1_MALATYA/prep_1D_combine_analyze_prep_systems_for_sims/simulations_prep_files/OPCnTIP3_and_Beta_curve_testing/scripts_simulation_related/lib_dev_1D_comb/frcmod_alfa_1Dcomb
Reading force field modification type file (frcmod)
Reading title:
alfa_frcmod
> loadamberparams /media/nkumarachchi2019/EXT1_MALATYA/prep_1D_combine_analyze_prep_systems_for_sims/simulations_prep_files/OPCnTIP3_and_Beta_curve_testing/scripts_simulation_related/lib_dev_1D_comb/frcmod_gamma_1Dcomb  
Loading parameters: /media/nkumarachchi2019/EXT1_MALATYA/prep_1D_combine_analyze_prep_systems_for_sims/simulations_prep_files/OPCnTIP3_and_Beta_curve_testing/scripts_simulation_related/lib_dev_1D_comb/frcmod_gamma_1Dcomb
Reading force field modification type file (frcmod)
Reading title:
gamma_frcmod
> loadamberparams /media/nkumarachchi2019/EXT1_MALATYA/prep_1D_combine_analyze_prep_systems_for_sims/simulations_prep_files/OPCnTIP3_and_Beta_curve_testing/scripts_simulation_related/lib_dev_1D_comb/frcmod_epsi_1Dcomb  
Loading parameters: /media/nkumarachchi2019/EXT1_MALATYA/prep_1D_combine_analyze_prep_systems_for_sims/simulations_prep_files/OPCnTIP3_and_Beta_curve_testing/scripts_simulation_related/lib_dev_1D_comb/frcmod_epsi_1Dcomb
Reading force field modification type file (frcmod)
Reading title:
epsi_frcmod
> loadamberparams /media/nkumarachchi2019/EXT1_MALATYA/prep_1D_combine_analyze_prep_systems_for_sims/simulations_prep_files/OPCnTIP3_and_Beta_curve_testing/scripts_simulation_related/lib_dev_1D_comb/frcmod_zeta_1Dcomb  
Loading parameters: /media/nkumarachchi2019/EXT1_MALATYA/prep_1D_combine_analyze_prep_systems_for_sims/simulations_prep_files/OPCnTIP3_and_Beta_curve_testing/scripts_simulation_related/lib_dev_1D_comb/frcmod_zeta_1Dcomb
Reading force field modification type file (frcmod)
Reading title:
zeta_frcmod
> 
> # # loadamberparams /media/nkumarachchi2019/EXT1_MALATYA/ivan_Nir_PDBS_haipins/lib_dev_1D_comb/frcmod_beta_1Dcomb 
> 
> model = loadpdb ./cug9.new.pdb     
Loading PDB file: ./cug9.new.pdb
Matching PDB residue names to LEaP variables.
  total atoms in file: 854
> 
> #model = loadpdb ./resname.new.pdb     
> #addions model Na+ 0
> #solvateoct model TIP3PBOX 12.0
> #solvateoct model OPC3BOX 12.0
> 
> saveAmberParm model prmtop inpcrd
Checking Unit.

xaLeap: Warning!
The unperturbed charge of the unit (-26.000000) is not zero.

xaLeap: Note.
Ignoring the warning from Unit Checking.

Building topology.
Building atom parameters.
Building bond parameters.
Building angle parameters.
Building proper torsion parameters.
Building improper torsion parameters.
 ** Warning: No sp2 improper torsion term for  N*-CB-CB-NC
        atoms are: N9 C5 C4 N3
 ** Warning: No sp2 improper torsion term for  NB-C-CB-CB
        atoms are: N7 C6 C5 C4
 ** Warning: No sp2 improper torsion term for  N*-CB-CB-NC
        atoms are: N9 C5 C4 N3
 ** Warning: No sp2 improper torsion term for  NB-C-CB-CB
        atoms are: N7 C6 C5 C4
 ** Warning: No sp2 improper torsion term for  N*-CB-CB-NC
        atoms are: N9 C5 C4 N3
 ** Warning: No sp2 improper torsion term for  NB-C-CB-CB
        atoms are: N7 C6 C5 C4
 ** Warning: No sp2 improper torsion term for  N*-CB-CB-NC
        atoms are: N9 C5 C4 N3
 ** Warning: No sp2 improper torsion term for  NB-C-CB-CB
        atoms are: N7 C6 C5 C4
 ** Warning: No sp2 improper torsion term for  N*-CB-CB-NC
        atoms are: N9 C5 C4 N3
 ** Warning: No sp2 improper torsion term for  NB-C-CB-CB
        atoms are: N7 C6 C5 C4
 ** Warning: No sp2 improper torsion term for  N*-CB-CB-NC
        atoms are: N9 C5 C4 N3
 ** Warning: No sp2 improper torsion term for  NB-C-CB-CB
        atoms are: N7 C6 C5 C4
 ** Warning: No sp2 improper torsion term for  N*-CB-CB-NC
        atoms are: N9 C5 C4 N3
 ** Warning: No sp2 improper torsion term for  NB-C-CB-CB
        atoms are: N7 C6 C5 C4
 ** Warning: No sp2 improper torsion term for  N*-CB-CB-NC
        atoms are: N9 C5 C4 N3
 ** Warning: No sp2 improper torsion term for  NB-C-CB-CB
        atoms are: N7 C6 C5 C4
 ** Warning: No sp2 improper torsion term for  N*-CB-CB-NC
        atoms are: N9 C5 C4 N3
 ** Warning: No sp2 improper torsion term for  NB-C-CB-CB
        atoms are: N7 C6 C5 C4
 total 162 improper torsions applied
Building H-Bond parameters.
Incorporating Non-Bonded adjustments.
Not Marking per-residue atom chain types.
Marking per-residue atom chain types.
 (no restraints)
> 
> quit
	Quit

Exiting LEaP: Errors = 0; Warnings = 1; Notes = 1.
log started: Tue Apr 22 12:58:44 2025

Log file: ./leap.log
>> #
>> # ----- leaprc for loading the Cornell et al. 1994 topologies
>> #       with parm99
>> #       assumes that any unspecified nucleic acids are RNA 
>> #
>> #	load atom type hybridizations
>> #
>> addAtomTypes {
>> 	{ "H"   "H" "sp3" }
>> 	{ "HO"  "H" "sp3" }
>> 	{ "HS"  "H" "sp3" }
>> 	{ "H1"  "H" "sp3" }
>> 	{ "H2"  "H" "sp3" }
>> 	{ "H3"  "H" "sp3" }
>> 	{ "H4"  "H" "sp3" }
>> 	{ "H5"  "H" "sp3" }
>> 	{ "HW"  "H" "sp3" }
>> 	{ "HC"  "H" "sp3" }
>> 	{ "HA"  "H" "sp3" }
>> 	{ "HP"  "H" "sp3" }
>> 	{ "OH"  "O" "sp3" }
>> 	{ "OS"  "O" "sp3" }
>> 	{ "O"   "O" "sp2" }
>> 	{ "O2"  "O" "sp2" }
>> 	{ "OW"  "O" "sp3" }
>> 	{ "CT"  "C" "sp3" }
>> 	{ "CH"  "C" "sp3" }
>> 	{ "C2"  "C" "sp3" }
>> 	{ "C3"  "C" "sp3" }
>> 	{ "C"   "C" "sp2" }
>> 	{ "C*"  "C" "sp2" }
>> 	{ "CA"  "C" "sp2" }
>> 	{ "CB"  "C" "sp2" }
>> 	{ "CC"  "C" "sp2" }
>> 	{ "CN"  "C" "sp2" }
>> 	{ "CM"  "C" "sp2" }
>> 	{ "CK"  "C" "sp2" }
>> 	{ "CQ"  "C" "sp2" }
>> 	{ "CD"  "C" "sp2" }
>> 	{ "CE"  "C" "sp2" }
>> 	{ "CF"  "C" "sp2" }
>> 	{ "CG"  "C" "sp2" }
>> 	{ "CP"  "C" "sp2" }
>> 	{ "CI"  "C" "sp2" }
>> 	{ "CJ"  "C" "sp2" }
>> 	{ "CW"  "C" "sp2" }
>> 	{ "CV"  "C" "sp2" }
>> 	{ "CR"  "C" "sp2" }
>> 	{ "CA"  "C" "sp2" }
>> 	{ "CY"  "C" "sp2" }
>> 	{ "C0"  "C" "sp2" }
>> 	{ "MG"  "Mg" "sp3" }
>> 	{ "N"   "N" "sp2" }
>> 	{ "NA"  "N" "sp2" }
>> 	{ "N2"  "N" "sp2" }
>> 	{ "N*"  "N" "sp2" }
>> 	{ "NP"  "N" "sp2" }
>> 	{ "NQ"  "N" "sp2" }
>> 	{ "NB"  "N" "sp2" }
>> 	{ "NC"  "N" "sp2" }
>> 	{ "NT"  "N" "sp3" }
>> 	{ "N3"  "N" "sp3" }
>> 	{ "S"   "S" "sp3" }
>> 	{ "SH"  "S" "sp3" }
>> 	{ "P"   "P" "sp3" }
>> 	{ "LP"  ""  "sp3" }
>> 	{ "F"   "F" "sp3" }
>> 	{ "CL"  "Cl" "sp3" }
>> 	{ "BR"  "Br" "sp3" }
>> 	{ "I"   "I"  "sp3" }
>> 	{ "FE"  "Fe" "sp3" }
>> # glycam
>> 	{ "OG"  "O" "sp3" }
>> 	{ "OL"  "O" "sp3" }
>> 	{ "AC"  "C" "sp3" }
>> 	{ "EC"  "C" "sp3" }
>> }
>> #
>> #
>> #	Load the main parameter set.
>> #
>> parm99 = loadamberparams parm99.dat
Loading parameters: /home/nkumarachchi2019/programs/amber22/dat/leap/parm/parm99.dat
Reading title:
PARM99 for DNA,RNA,AA, organic molecules, Polariz.& LP incl.02/04/99
(UNKNOWN ATOM TYPE: HZ)
(UNKNOWN ATOM TYPE: IM)
(UNKNOWN ATOM TYPE: Li)
(UNKNOWN ATOM TYPE: IP)
(UNKNOWN ATOM TYPE: K)
(UNKNOWN ATOM TYPE: Rb)
(UNKNOWN ATOM TYPE: Cs)
(UNKNOWN ATOM TYPE: Zn)
(UNKNOWN ATOM TYPE: IB)
(UNKNOWN ATOM TYPE: LP)
>> #
>> #	Load DNA/RNA libraries
>> #
>> loadOff all_nucleic94.lib
Loading library: /home/nkumarachchi2019/programs/amber22/dat/leap/lib/all_nucleic94.lib
Loading: DA
Loading: DA3
Loading: DA5
Loading: DAN
Loading: DC
Loading: DC3
Loading: DC5
Loading: DCN
Loading: DG
Loading: DG3
Loading: DG5
Loading: DGN
Loading: DT
Loading: DT3
Loading: DT5
Loading: DTN
Loading: RA
Loading: RA3
Loading: RA5
Loading: RAN
Loading: RC
Loading: RC3
Loading: RC5
Loading: RCN
Loading: RG
Loading: RG3
Loading: RG5
Loading: RGN
Loading: RU
Loading: RU3
Loading: RU5
Loading: RUN
>> #
>> #	Load main chain and terminating 
>> #	amino acid libraries.
>> #
>> loadOff all_amino94.lib
Loading library: /home/nkumarachchi2019/programs/amber22/dat/leap/lib/all_amino94.lib
Loading: ALA
Loading: ARG
Loading: ASH
Loading: ASN
Loading: ASP
Loading: CYM
Loading: CYS
Loading: CYX
Loading: GLH
Loading: GLN
Loading: GLU
Loading: GLY
Loading: HID
Loading: HIE
Loading: HIP
Loading: ILE
Loading: LEU
Loading: LYN
Loading: LYS
Loading: MET
Loading: PHE
Loading: PRO
Loading: SER
Loading: THR
Loading: TRP
Loading: TYR
Loading: VAL
>> loadOff all_aminoct94.lib
Loading library: /home/nkumarachchi2019/programs/amber22/dat/leap/lib/all_aminoct94.lib
Loading: CALA
Loading: CARG
Loading: CASN
Loading: CASP
Loading: CCYS
Loading: CCYX
Loading: CGLN
Loading: CGLU
Loading: CGLY
Loading: CHID
Loading: CHIE
Loading: CHIP
Loading: CILE
Loading: CLEU
Loading: CLYS
Loading: CMET
Loading: CPHE
Loading: CPRO
Loading: CSER
Loading: CTHR
Loading: CTRP
Loading: CTYR
Loading: CVAL
Loading: NHE
Loading: NME
>> loadOff all_aminont94.lib
Loading library: /home/nkumarachchi2019/programs/amber22/dat/leap/lib/all_aminont94.lib
Loading: ACE
Loading: NALA
Loading: NARG
Loading: NASN
Loading: NASP
Loading: NCYS
Loading: NCYX
Loading: NGLN
Loading: NGLU
Loading: NGLY
Loading: NHID
Loading: NHIE
Loading: NHIP
Loading: NILE
Loading: NLEU
Loading: NLYS
Loading: NMET
Loading: NPHE
Loading: NPRO
Loading: NSER
Loading: NTHR
Loading: NTRP
Loading: NTYR
Loading: NVAL
>> #
>> #	Load ion library
>> #
>> loadOff ions94.lib
Loading library: /home/nkumarachchi2019/programs/amber22/dat/leap/lib/ions94.lib
Loading: CIO
Loading: Cl-
Loading: Cs+
Loading: IB
Loading: K+
Loading: Li+
Loading: MG2
Loading: Na+
Loading: Rb+
>> loadOff solvents.lib
Loading library: /home/nkumarachchi2019/programs/amber22/dat/leap/lib/solvents.lib
Loading: CHCL3BOX
Loading: DC4
Loading: FB3
Loading: FB3BOX
Loading: FB4
Loading: FB4BOX
Loading: MEOHBOX
Loading: NMABOX
Loading: O3P
Loading: OP3
Loading: OPC
Loading: OPC3BOX
Loading: OPC3POLBOX
Loading: OPCBOX
Loading: PL3
Loading: POL3BOX
Loading: QSPCFWBOX
Loading: SPC
Loading: SPCBOX
Loading: SPCFWBOX
Loading: SPF
Loading: SPG
Loading: T4E
Loading: TIP3PBOX
Loading: TIP3PFBOX
Loading: TIP4PBOX
Loading: TIP4PEWBOX
Loading: TIP5PBOX
Loading: TP3
Loading: TP4
Loading: TP5
Loading: TPF
>> HOH = TP3
>> WAT = TP3
>> #
>> #	Define the PDB name map for the amino acids and RNA.
>> #
>> addPdbResMap {
>>   { 0 "ALA" "NALA" } { 1 "ALA" "CALA" }
>>   { 0 "ARG" "NARG" } { 1 "ARG" "CARG" }
>>   { 0 "ASN" "NASN" } { 1 "ASN" "CASN" }
>>   { 0 "ASP" "NASP" } { 1 "ASP" "CASP" }
>>   { 0 "CYS" "NCYS" } { 1 "CYS" "CCYS" }
>>   { 0 "CYX" "NCYX" } { 1 "CYX" "CCYX" }
>>   { 0 "GLN" "NGLN" } { 1 "GLN" "CGLN" }
>>   { 0 "GLU" "NGLU" } { 1 "GLU" "CGLU" }
>>   { 0 "GLY" "NGLY" } { 1 "GLY" "CGLY" }
>>   { 0 "HID" "NHID" } { 1 "HID" "CHID" }
>>   { 0 "HIE" "NHIE" } { 1 "HIE" "CHIE" }
>>   { 0 "HIP" "NHIP" } { 1 "HIP" "CHIP" }
>>   { 0 "ILE" "NILE" } { 1 "ILE" "CILE" }
>>   { 0 "LEU" "NLEU" } { 1 "LEU" "CLEU" }
>>   { 0 "LYS" "NLYS" } { 1 "LYS" "CLYS" }
>>   { 0 "MET" "NMET" } { 1 "MET" "CMET" }
>>   { 0 "PHE" "NPHE" } { 1 "PHE" "CPHE" }
>>   { 0 "PRO" "NPRO" } { 1 "PRO" "CPRO" }
>>   { 0 "SER" "NSER" } { 1 "SER" "CSER" }
>>   { 0 "THR" "NTHR" } { 1 "THR" "CTHR" }
>>   { 0 "TRP" "NTRP" } { 1 "TRP" "CTRP" }
>>   { 0 "TYR" "NTYR" } { 1 "TYR" "CTYR" }
>>   { 0 "VAL" "NVAL" } { 1 "VAL" "CVAL" }
>>   { 0 "HIS" "NHIS" } { 1 "HIS" "CHIS" }
>>   { 0 "GUA" "RG5"  } { 1 "GUA" "RG3"  } { "GUA" "RG" }
>>   { 0 "ADE" "RA5"  } { 1 "ADE" "RA3"  } { "ADE" "RA" }
>>   { 0 "CYT" "RC5"  } { 1 "CYT" "RC3"  } { "CYT" "RC" }
>>   { 0 "URA" "RU5"  } { 1 "URA" "RU3"  } { "URA" "RU" }
>>   { 0 "G" "RG5"  } { 1 "G" "RG3"  } { "G" "RG" } { "GN" "RGN" }
>>   { 0 "A" "RA5"  } { 1 "A" "RA3"  } { "A" "RA" } { "AN" "RAN" }
>>   { 0 "C" "RC5"  } { 1 "C" "RC3"  } { "C" "RC" } { "CN" "RCN" }
>>   { 0 "U" "RU5"  } { 1 "U" "RU3"  } { "U" "RU" } { "UN" "RUN" }
>>   { 0 "C5" "RC5" }
>>   { 0 "G5" "RG5" }
>>   { 0 "A5" "RA5" }
>>   { 0 "U5" "RU5" }
>>   { 1 "C3" "RC3" }
>>   { 1 "G3" "RG3" }
>>   { 1 "A3" "RA3" }
>>   { 1 "U3" "RU3" }
>> }
>> 
>> addPdbAtomMap {
>>   { "O5*" "O5'" }
>>   { "C5*" "C5'" }
>>   { "C4*" "C4'" }
>>   { "O4*" "O4'" }
>>   { "C3*" "C3'" }
>>   { "O3*" "O3'" }
>>   { "O2*" "O2'" }
>>   { "C2*" "C2'" }
>>   { "C1*" "C1'" }
>> # old ff atom names -> new
>>   { "O1'" "O4'" }
>>   { "OA"  "O1P" }
>>   { "OB"  "O2P" }
>>   { "H2'" "H2'1" }
>>   { "HO2'" "HO'2" }
>>   { "H5*1" "H5'1" }
>>   { "H5*2" "H5'2" }
>>   { "H4*" "H4'" }
>>   { "H3*" "H3'" }
>>   { "H1*" "H1'" }
>>   { "H2*1" "H2'1" }
>>   { "HO*2" "HO'2" }
>> }
>> 
>> #
>> # assumed that most often proteins use HIE
>> #
>> NHIS = NHIE
>> HIS = HIE
>> CHIS = CHIE
>> 
>> # translate RNA residue names:
>> 
>> GUA = RG
>> CYT = RC
>> ADE = RA
>> URA = RU
> 
> source leaprc.water.tip3p
----- Source: /home/nkumarachchi2019/programs/amber22/dat/leap/cmd/leaprc.water.tip3p
----- Source of /home/nkumarachchi2019/programs/amber22/dat/leap/cmd/leaprc.water.tip3p done
>> #
>> #       Load water and ions for TIP3P + Li/Merz monovalent ions 
>> #       + Joung-Chetham monovalent ions
>> #       + Li/Merz highly charged ions (+2 to +4, 12-6 normal usage set)
>> #
>> #       Note: the Li/Merz monovalent set is loaded only to get Tl+,
>> #          Cu+, Ag+ NH4+, H3O+.  Since we load Joung-Cheatham second,
>> #          the alkali halide parameters come from the Joung-Cheatham set
>> #
>> addAtomTypes {
>> 	{ "HW"  "H" "sp3" }
>> 	{ "OW"  "O" "sp3" }
>> 	{ "F-"   "F" "sp3" }
>> 	{ "Cl-"  "Cl" "sp3" }
>> 	{ "Br-"  "Br" "sp3" }
>> 	{ "I-"   "I"  "sp3" }
>> 	{ "Li+"  "Li"  "sp3" }
>> 	{ "Na+"  "Na"  "sp3" }
>> 	{ "K+"  "K"  "sp3" }
>> 	{ "Rb+"  "Rb"  "sp3" }
>> 	{ "Cs+"  "Cs"  "sp3" }
>> 	{ "Mg+"  "Mg"  "sp3" }
>>     { "Tl+"  "Tl"  "sp3" }
>>     { "Cu+"  "Cu"  "sp3" }
>>     { "Ag+"  "Ag"  "sp3" }
>>     { "NH4+"  "N"  "sp3" }
>>     { "H3O+"  "O"  "sp3" }
>>     { "Be2+" "Be"  "sp3" }
>>     { "Cu2+" "Cu"  "sp3" }
>>     { "Ni2+" "Ni"  "sp3" }
>>     { "Pt2+" "Pt"  "sp3" }
>>     { "Zn2+" "Zn"  "sp3" }
>>     { "Co2+" "Co"  "sp3" }
>>     { "Pd2+" "Pd"  "sp3" }
>>     { "Ag2+" "Ag"  "sp3" }
>>     { "Cr2+" "Cr"  "sp3" }
>>     { "Fe2+" "Fe"  "sp3" }
>>     { "Mg2+" "Mg"  "sp3" }
>>     { "V2+"  "V"   "sp3" }
>>     { "Mn2+" "Mn"  "sp3" }
>>     { "Hg2+" "Hg"  "sp3" }
>>     { "Cd2+" "Cd"  "sp3" }
>>     { "Yb2+" "Yb"  "sp3" }
>>     { "Ca2+" "Ca"  "sp3" }
>>     { "Sn2+" "Sn"  "sp3" }
>>     { "Pb2+" "Pb"  "sp3" }
>>     { "Eu2+" "Eu"  "sp3" }
>>     { "Sr2+" "Sr"  "sp3" }
>>     { "Sm2+" "Sm"  "sp3" }
>>     { "Ba2+" "Ba"  "sp3" }
>>     { "Ra2+" "Ra"  "sp3" }
>>     { "Al3+" "Al"  "sp3" }
>>     { "Fe3+" "Fe"  "sp3" }
>>     { "Cr3+" "Cr"  "sp3" }
>>     { "In3+" "In"  "sp3" }
>>     { "Tl3+" "Tl"  "sp3" }
>>     { "Y3+"  "Y"   "sp3" }
>>     { "La3+" "La"  "sp3" }
>>     { "Ce3+" "Ce"  "sp3" }
>>     { "Pr3+" "Pr"  "sp3" }
>>     { "Nd3+" "Nd"  "sp3" }
>>     { "Sm3+" "Sm"  "sp3" }
>>     { "Eu3+" "Eu"  "sp3" }
>>     { "Gd3+" "Gd"  "sp3" }
>>     { "Tb3+" "Tb"  "sp3" }
>>     { "Dy3+" "Dy"  "sp3" }
>>     { "Er3+" "Er"  "sp3" }
>>     { "Tm3+" "Tm"  "sp3" }
>>     { "Lu3+" "Lu"  "sp3" }
>>     { "Hf4+" "Hf"  "sp3" }
>>     { "Zr4+" "Zr"  "sp3" }
>>     { "Ce4+" "Ce"  "sp3" }
>>     { "U4+"  "U"   "sp3" }
>>     { "Pu4+" "Pu"  "sp3" }
>>     { "Th4+" "Th"  "sp3" }
>> }
>> loadOff atomic_ions.lib
Loading library: /home/nkumarachchi2019/programs/amber22/dat/leap/lib/atomic_ions.lib
Loading: AG
Loading: AL
Loading: Ag
Loading: BA
Loading: BR
Loading: Be
Loading: CA
Loading: CD
Loading: CE
Loading: CL
Loading: CO
Loading: CR
Loading: CS
Loading: CU
Loading: CU1
Loading: Ce
Loading: Cl-
Loading: Cr
Loading: Dy
Loading: EU
Loading: EU3
Loading: Er
Loading: F
Loading: FE
Loading: FE2
Loading: GD3
Loading: H3O+
Loading: HE+
Loading: HG
Loading: HZ+
Loading: Hf
Loading: IN
Loading: IOD
Loading: K
Loading: K+
Loading: LA
Loading: LI
Loading: LU
Loading: MG
Loading: MN
Loading: NA
Loading: NH4
Loading: NI
Loading: Na+
Loading: Nd
Loading: PB
Loading: PD
Loading: PR
Loading: PT
Loading: Pu
Loading: RB
Loading: Ra
Loading: SM
Loading: SR
Loading: Sm
Loading: Sn
Loading: TB
Loading: TL
Loading: Th
Loading: Tl
Loading: Tm
Loading: U4+
Loading: V2+
Loading: Y
Loading: YB2
Loading: ZN
Loading: Zr
>> loadOff solvents.lib
Loading library: /home/nkumarachchi2019/programs/amber22/dat/leap/lib/solvents.lib
Loading: CHCL3BOX
Loading: DC4
Loading: FB3
Loading: FB3BOX
Loading: FB4
Loading: FB4BOX
Loading: MEOHBOX
Loading: NMABOX
Loading: O3P
Loading: OP3
Loading: OPC
Loading: OPC3BOX
Loading: OPC3POLBOX
Loading: OPCBOX
Loading: PL3
Loading: POL3BOX
Loading: QSPCFWBOX
Loading: SPC
Loading: SPCBOX
Loading: SPCFWBOX
Loading: SPF
Loading: SPG
Loading: T4E
Loading: TIP3PBOX
Loading: TIP3PFBOX
Loading: TIP4PBOX
Loading: TIP4PEWBOX
Loading: TIP5PBOX
Loading: TP3
Loading: TP4
Loading: TP5
Loading: TPF
>> HOH = TP3
>> WAT = TP3
>> loadAmberParams frcmod.tip3p
Loading parameters: /home/nkumarachchi2019/programs/amber22/dat/leap/parm/frcmod.tip3p
Reading force field modification type file (frcmod)
Reading title:
This is the additional/replacement parameter set for TIP3P water
>> loadAmberParams frcmod.ions1lm_126_tip3p
Loading parameters: /home/nkumarachchi2019/programs/amber22/dat/leap/parm/frcmod.ions1lm_126_tip3p
Reading force field modification type file (frcmod)
Reading title:
Li/Merz ion parameters of monovalent ions for TIP3P water model (12-6 normal usage set)
>> loadAmberParams frcmod.ionsjc_tip3p
Loading parameters: /home/nkumarachchi2019/programs/amber22/dat/leap/parm/frcmod.ionsjc_tip3p
Reading force field modification type file (frcmod)
Reading title:
Monovalent ion parameters for Ewald and TIP3P water from Joung & Cheatham JPCB (2008)
>> loadAmberParams frcmod.ions234lm_126_tip3p
Loading parameters: /home/nkumarachchi2019/programs/amber22/dat/leap/parm/frcmod.ions234lm_126_tip3p
Reading force field modification type file (frcmod)
Reading title:
Li/Merz ion parameters of divalent to tetravalent ions for TIP3P water model (12-6 normal usage set)
>> 
> 
> #source leaprc.water.opc3
> addAtomTypes {
>   { "5A" "C" "sp3" }
>   { "5G" "C" "sp3" }
>   { "5Q" "C" "sp3" }
>   { "5U" "C" "sp3" }
>   { "AA" "C" "sp3" }
>   { "AC" "C" "sp3" }
>   { "AG" "C" "sp3" }
>   { "AU" "C" "sp3" }
>   { "GA" "C" "sp3" }
>   { "GC" "C" "sp3" }
>   { "GG" "C" "sp3" }
>   { "GU" "C" "sp3" }
>   { "QA" "C" "sp3" }
>   { "QC" "C" "sp3" }
>   { "QG" "C" "sp3" }
>   { "QU" "C" "sp3" }
>   { "UA" "C" "sp3" }
>   { "UC" "C" "sp3" }
>   { "UG" "C" "sp3" }
>   { "UU" "C" "sp3" }
>   { "A3" "O" "sp3" }
>   { "aa" "O" "sp3" }
>   { "ac" "O" "sp3" }
>   { "ag" "O" "sp3" }
>   { "au" "O" "sp3" }
>   { "G3" "O" "sp3" }
>   { "ga" "O" "sp3" }
>   { "gc" "O" "sp3" }
>   { "gg" "O" "sp3" }
>   { "gu" "O" "sp3" }
>   { "Q3" "O" "sp3" }
>   { "qa" "O" "sp3" }
>   { "qc" "O" "sp3" }
>   { "qg" "O" "sp3" }
>   { "qu" "O" "sp3" }
>   { "U3" "O" "sp3" }
>   { "ua" "O" "sp3" }
>   { "uc" "O" "sp3" }
>   { "ug" "O" "sp3" }
>   { "uu" "O" "sp3" }
>   { "C1"  "C" "sp2" }
>   { "C2"  "C" "sp2" }
>   { "C3"  "C" "sp2" }
>   { "C4"  "C" "sp2" }
> }
> addPdbAtomMap {
>   { "H5'" "H5'1" } { "H5''" "H5'2" }
>   { "OP1" "O1P" }  { "OP2" "O2P" }
>   { "H2'" "H2'1" } { "HO2'" "HO'2" }
>   { "HO5'" "H5T" } { "HO3'" "H3T" }
> }
Substituting map H2' -> H2'1  for  H2' -> H2'1
Substituting map HO2' -> HO'2  for  HO2' -> HO'2
> 
> set default pbradii mbondi3
Using ArgH and AspGluO modified Bondi2 radii
> 
> loadoff		/media/nkumarachchi2019/EXT1_MALATYA/prep_1D_combine_analyze_prep_systems_for_sims/simulations_prep_files/OPCnTIP3_and_Beta_curve_testing/scripts_simulation_related/lib_dev_1D_comb/RNA_dimeric_residues_dev.lib 
Loading library: /media/nkumarachchi2019/EXT1_MALATYA/prep_1D_combine_analyze_prep_systems_for_sims/simulations_prep_files/OPCnTIP3_and_Beta_curve_testing/scripts_simulation_related/lib_dev_1D_comb/RNA_dimeric_residues_dev.lib
Loading: 5AA
Loading: 5AC
Loading: 5AG
Loading: 5AU
Loading: 5CA
Loading: 5CC
Loading: 5CG
Loading: 5CU
Loading: 5GA
Loading: 5GC
Loading: 5GG
Loading: 5GU
Loading: 5UA
Loading: 5UC
Loading: 5UG
Loading: 5UU
Loading: AA3
Loading: AAA
Loading: AAC
Loading: AAG
Loading: AAU
Loading: AC3
Loading: ACA
Loading: ACC
Loading: ACG
Loading: ACU
Loading: AG3
Loading: AGA
Loading: AGC
Loading: AGG
Loading: AGU
Loading: AU3
Loading: AUA
Loading: AUC
Loading: AUG
Loading: AUU
Loading: CA3
Loading: CAA
Loading: CAC
Loading: CAG
Loading: CAU
Loading: CC3
Loading: CCA
Loading: CCC
Loading: CCG
Loading: CCU
Loading: CG3
Loading: CGA
Loading: CGC
Loading: CGG
Loading: CGU
Loading: CU3
Loading: CUA
Loading: CUC
Loading: CUG
Loading: CUU
Loading: GA3
Loading: GAA
Loading: GAC
Loading: GAG
Loading: GAU
Loading: GC3
Loading: GCA
Loading: GCC
Loading: GCG
Loading: GCU
Loading: GG3
Loading: GGA
Loading: GGC
Loading: GGG
Loading: GGU
Loading: GU3
Loading: GUA
Loading: GUC
Loading: GUG
Loading: GUU
Loading: UA3
Loading: UAA
Loading: UAC
Loading: UAG
Loading: UAU
Loading: UC3
Loading: UCA
Loading: UCC
Loading: UCG
Loading: UCU
Loading: UG3
Loading: UGA
Loading: UGC
Loading: UGG
Loading: UGU
Loading: UU3
Loading: UUA
Loading: UUC
Loading: UUG
Loading: UUU
> loadamberparams /media/nkumarachchi2019/EXT1_MALATYA/prep_1D_combine_analyze_prep_systems_for_sims/simulations_prep_files/OPCnTIP3_and_Beta_curve_testing/scripts_simulation_related/lib_dev_1D_comb/frcmod_dev 
Loading parameters: /media/nkumarachchi2019/EXT1_MALATYA/prep_1D_combine_analyze_prep_systems_for_sims/simulations_prep_files/OPCnTIP3_and_Beta_curve_testing/scripts_simulation_related/lib_dev_1D_comb/frcmod_dev
Reading force field modification type file (frcmod)
Reading title:
Yildirim, Stern, Turner: Modified chi dihedral parameters of parm99 (JCTC 6, pp 1520-1531, 2010)
> loadamberparams /media/nkumarachchi2019/EXT1_MALATYA/prep_1D_combine_analyze_prep_systems_for_sims/simulations_prep_files/OPCnTIP3_and_Beta_curve_testing/scripts_simulation_related/lib_dev_1D_comb/frcmod_Betacomb4  
Loading parameters: /media/nkumarachchi2019/EXT1_MALATYA/prep_1D_combine_analyze_prep_systems_for_sims/simulations_prep_files/OPCnTIP3_and_Beta_curve_testing/scripts_simulation_related/lib_dev_1D_comb/frcmod_Betacomb4
Reading force field modification type file (frcmod)
Reading title:
newmodel_beta_comb4
> loadamberparams /media/nkumarachchi2019/EXT1_MALATYA/prep_1D_combine_analyze_prep_systems_for_sims/simulations_prep_files/OPCnTIP3_and_Beta_curve_testing/scripts_simulation_related/lib_dev_1D_comb/frcmod_alfa_1Dcomb 
Loading parameters: /media/nkumarachchi2019/EXT1_MALATYA/prep_1D_combine_analyze_prep_systems_for_sims/simulations_prep_files/OPCnTIP3_and_Beta_curve_testing/scripts_simulation_related/lib_dev_1D_comb/frcmod_alfa_1Dcomb
Reading force field modification type file (frcmod)
Reading title:
alfa_frcmod
> loadamberparams /media/nkumarachchi2019/EXT1_MALATYA/prep_1D_combine_analyze_prep_systems_for_sims/simulations_prep_files/OPCnTIP3_and_Beta_curve_testing/scripts_simulation_related/lib_dev_1D_comb/frcmod_gamma_1Dcomb  
Loading parameters: /media/nkumarachchi2019/EXT1_MALATYA/prep_1D_combine_analyze_prep_systems_for_sims/simulations_prep_files/OPCnTIP3_and_Beta_curve_testing/scripts_simulation_related/lib_dev_1D_comb/frcmod_gamma_1Dcomb
Reading force field modification type file (frcmod)
Reading title:
gamma_frcmod
> loadamberparams /media/nkumarachchi2019/EXT1_MALATYA/prep_1D_combine_analyze_prep_systems_for_sims/simulations_prep_files/OPCnTIP3_and_Beta_curve_testing/scripts_simulation_related/lib_dev_1D_comb/frcmod_epsi_1Dcomb  
Loading parameters: /media/nkumarachchi2019/EXT1_MALATYA/prep_1D_combine_analyze_prep_systems_for_sims/simulations_prep_files/OPCnTIP3_and_Beta_curve_testing/scripts_simulation_related/lib_dev_1D_comb/frcmod_epsi_1Dcomb
Reading force field modification type file (frcmod)
Reading title:
epsi_frcmod
> loadamberparams /media/nkumarachchi2019/EXT1_MALATYA/prep_1D_combine_analyze_prep_systems_for_sims/simulations_prep_files/OPCnTIP3_and_Beta_curve_testing/scripts_simulation_related/lib_dev_1D_comb/frcmod_zeta_1Dcomb  
Loading parameters: /media/nkumarachchi2019/EXT1_MALATYA/prep_1D_combine_analyze_prep_systems_for_sims/simulations_prep_files/OPCnTIP3_and_Beta_curve_testing/scripts_simulation_related/lib_dev_1D_comb/frcmod_zeta_1Dcomb
Reading force field modification type file (frcmod)
Reading title:
zeta_frcmod
> 
> # # loadamberparams /media/nkumarachchi2019/EXT1_MALATYA/ivan_Nir_PDBS_haipins/lib_dev_1D_comb/frcmod_beta_1Dcomb 
> 
> model = loadpdb ./cug9.new.pdb     
Loading PDB file: ./cug9.new.pdb
Matching PDB residue names to LEaP variables.
  total atoms in file: 854
> 
> #model = loadpdb ./resname.new.pdb     
> #addions model Na+ 0
> #solvateoct model TIP3PBOX 12.0
> #solvateoct model OPC3BOX 12.0
> 
> saveAmberParm model prmtop inpcrd
Checking Unit.

/home/nkumarachchi2019/programs/amber22/bin/teLeap: Warning!
The unperturbed charge of the unit (-26.000000) is not zero.

/home/nkumarachchi2019/programs/amber22/bin/teLeap: Note.
Ignoring the warning from Unit Checking.

Building topology.
Building atom parameters.
Building bond parameters.
Building angle parameters.
Building proper torsion parameters.
Building improper torsion parameters.
 ** Warning: No sp2 improper torsion term for  N*-CB-CB-NC
        atoms are: N9 C5 C4 N3
 ** Warning: No sp2 improper torsion term for  NB-C-CB-CB
        atoms are: N7 C6 C5 C4
 ** Warning: No sp2 improper torsion term for  N*-CB-CB-NC
        atoms are: N9 C5 C4 N3
 ** Warning: No sp2 improper torsion term for  NB-C-CB-CB
        atoms are: N7 C6 C5 C4
 ** Warning: No sp2 improper torsion term for  N*-CB-CB-NC
        atoms are: N9 C5 C4 N3
 ** Warning: No sp2 improper torsion term for  NB-C-CB-CB
        atoms are: N7 C6 C5 C4
 ** Warning: No sp2 improper torsion term for  N*-CB-CB-NC
        atoms are: N9 C5 C4 N3
 ** Warning: No sp2 improper torsion term for  NB-C-CB-CB
        atoms are: N7 C6 C5 C4
 ** Warning: No sp2 improper torsion term for  N*-CB-CB-NC
        atoms are: N9 C5 C4 N3
 ** Warning: No sp2 improper torsion term for  NB-C-CB-CB
        atoms are: N7 C6 C5 C4
 ** Warning: No sp2 improper torsion term for  N*-CB-CB-NC
        atoms are: N9 C5 C4 N3
 ** Warning: No sp2 improper torsion term for  NB-C-CB-CB
        atoms are: N7 C6 C5 C4
 ** Warning: No sp2 improper torsion term for  N*-CB-CB-NC
        atoms are: N9 C5 C4 N3
 ** Warning: No sp2 improper torsion term for  NB-C-CB-CB
        atoms are: N7 C6 C5 C4
 ** Warning: No sp2 improper torsion term for  N*-CB-CB-NC
        atoms are: N9 C5 C4 N3
 ** Warning: No sp2 improper torsion term for  NB-C-CB-CB
        atoms are: N7 C6 C5 C4
 ** Warning: No sp2 improper torsion term for  N*-CB-CB-NC
        atoms are: N9 C5 C4 N3
 ** Warning: No sp2 improper torsion term for  NB-C-CB-CB
        atoms are: N7 C6 C5 C4
 total 162 improper torsions applied
Building H-Bond parameters.
Incorporating Non-Bonded adjustments.
Not Marking per-residue atom chain types.
Marking per-residue atom chain types.
 (no restraints)
> 
> quit
	Quit

Exiting LEaP: Errors = 0; Warnings = 1; Notes = 1.
